#
# A fatal error has been detected by the Java Runtime Environment:
#
#  EXCEPTION_ACCESS_VIOLATION (0xc0000005) at pc=0x00007ffae549f70b, pid=6324, tid=256
#
# JRE version: OpenJDK Runtime Environment Temurin-17.0.10+7 (17.0.10+7) (build 17.0.10+7)
# Java VM: OpenJDK 64-Bit Server VM Temurin-17.0.10+7 (17.0.10+7, mixed mode, emulated-client, tiered, compressed oops, compressed class ptrs, g1 gc, windows-amd64)
# Problematic frame:
# V  [jvm.dll+0x7af70b]
#
# No core dump will be written. Minidumps are not enabled by default on client versions of Windows
#
# If you would like to submit a bug report, please visit:
#   https://github.com/adoptium/adoptium-support/issues
#

---------------  S U M M A R Y ------------

Command Line: -XX:+ShowCodeDetailsInExceptionMessages -agentlib:jdwp=transport=dt_socket,suspend=y,address=localhost:50456 -Dcom.sun.management.jmxremote -Dcom.sun.management.jmxremote.port=50455 -Dcom.sun.management.jmxremote.authenticate=false -Dcom.sun.management.jmxremote.ssl=false -Djava.rmi.server.hostname=localhost -Dspring.jmx.enabled=true -Dmanagement.endpoints.jmx.exposure.include=* -Dspring.application.admin.enabled=true -XX:TieredStopAtLevel=1 -Dspring.boot.project.name=SportsApi -javaagent:D:\sts-4.22.0.RELEASE\configuration\org.eclipse.osgi\266\0\.cp\lib\javaagent-shaded.jar -Dfile.encoding=UTF-8 -Dstdout.encoding=UTF-8 -Dstderr.encoding=UTF-8 com.piyush004.SportsApi.SportsApiApplication --spring.output.ansi.enabled=always

Host: Intel(R) Core(TM) i5-4300U CPU @ 1.90GHz, 4 cores, 7G,  Windows 10 , 64 bit Build 19041 (10.0.19041.4717)
Time: Thu Aug 29 23:12:47 2024 India Standard Time elapsed time: 297.001870 seconds (0d 0h 4m 57s)

---------------  T H R E A D  ---------------

Current thread (0x0000020aa8b25840):  JavaThread "http-nio-1010-exec-6" daemon [_thread_in_vm, id=256, stack(0x000000c215700000,0x000000c215800000)]

Stack: [0x000000c215700000,0x000000c215800000],  sp=0x000000c2157fa850,  free space=1002k
Native frames: (J=compiled Java code, j=interpreted, Vv=VM code, C=native code)
V  [jvm.dll+0x7af70b]
V  [jvm.dll+0x7af6b8]
V  [jvm.dll+0x23face]
V  [jvm.dll+0x38260e]
C  0x0000020a995157fb

The last pc belongs to new (printed below).
Java frames: (J=compiled Java code, j=interpreted, Vv=VM code)
j  com.piyush004.SportsApi.dto.RequestDto$LoginRequest.<init>()V+0
v  ~StubRoutines::call_stub
j  jdk.internal.reflect.NativeConstructorAccessorImpl.newInstance0(Ljava/lang/reflect/Constructor;[Ljava/lang/Object;)Ljava/lang/Object;+0 java.base@17.0.10
j  jdk.internal.reflect.NativeConstructorAccessorImpl.newInstance([Ljava/lang/Object;)Ljava/lang/Object;+118 java.base@17.0.10
j  jdk.internal.reflect.DelegatingConstructorAccessorImpl.newInstance([Ljava/lang/Object;)Ljava/lang/Object;+5 java.base@17.0.10
j  java.lang.reflect.Constructor.newInstanceWithCaller([Ljava/lang/Object;ZLjava/lang/Class;)Ljava/lang/Object;+65 java.base@17.0.10
j  java.lang.reflect.Constructor.newInstance([Ljava/lang/Object;)Ljava/lang/Object;+30 java.base@17.0.10
j  com.fasterxml.jackson.databind.introspect.AnnotatedConstructor.call()Ljava/lang/Object;+8
j  com.fasterxml.jackson.databind.deser.std.StdValueInstantiator.createUsingDefault(Lcom/fasterxml/jackson/databind/DeserializationContext;)Ljava/lang/Object;+17
j  com.fasterxml.jackson.databind.deser.BeanDeserializer.deserializeFromObject(Lcom/fasterxml/jackson/core/JsonParser;Lcom/fasterxml/jackson/databind/DeserializationContext;)Ljava/lang/Object;+96
j  com.fasterxml.jackson.databind.deser.BeanDeserializer.deserialize(Lcom/fasterxml/jackson/core/JsonParser;Lcom/fasterxml/jackson/databind/DeserializationContext;)Ljava/lang/Object;+47
j  com.fasterxml.jackson.databind.deser.DefaultDeserializationContext.readRootValue(Lcom/fasterxml/jackson/core/JsonParser;Lcom/fasterxml/jackson/databind/JavaType;Lcom/fasterxml/jackson/databind/JsonDeserializer;Ljava/lang/Object;)Ljava/lang/Object;+28
j  com.fasterxml.jackson.databind.ObjectReader._bindAndClose(Lcom/fasterxml/jackson/core/JsonParser;)Ljava/lang/Object;+102
j  com.fasterxml.jackson.databind.ObjectReader.readValue(Ljava/io/InputStream;)Ljava/lang/Object;+32
j  org.springframework.http.converter.json.AbstractJackson2HttpMessageConverter.readJavaType(Lcom/fasterxml/jackson/databind/JavaType;Lorg/springframework/http/HttpInputMessage;)Ljava/lang/Object;+219
j  org.springframework.http.converter.json.AbstractJackson2HttpMessageConverter.read(Ljava/lang/reflect/Type;Ljava/lang/Class;Lorg/springframework/http/HttpInputMessage;)Ljava/lang/Object;+12
j  org.springframework.web.servlet.mvc.method.annotation.AbstractMessageConverterMethodArgumentResolver.readWithMessageConverters(Lorg/springframework/http/HttpInputMessage;Lorg/springframework/core/MethodParameter;Ljava/lang/reflect/Type;)Ljava/lang/Object;+290
j  org.springframework.web.servlet.mvc.method.annotation.RequestResponseBodyMethodProcessor.readWithMessageConverters(Lorg/springframework/web/context/request/NativeWebRequest;Lorg/springframework/core/MethodParameter;Ljava/lang/reflect/Type;)Ljava/lang/Object;+12
j  org.springframework.web.servlet.mvc.method.annotation.RequestResponseBodyMethodProcessor.resolveArgument(Lorg/springframework/core/MethodParameter;Lorg/springframework/web/method/support/ModelAndViewContainer;Lorg/springframework/web/context/request/NativeWebRequest;Lorg/springframework/web/bind/support/WebDataBinderFactory;)Ljava/lang/Object;+12
j  org.springframework.web.method.support.HandlerMethodArgumentResolverComposite.resolveArgument(Lorg/springframework/core/MethodParameter;Lorg/springframework/web/method/support/ModelAndViewContainer;Lorg/springframework/web/context/request/NativeWebRequest;Lorg/springframework/web/bind/support/WebDataBinderFactory;)Ljava/lang/Object;+39
j  org.springframework.web.method.support.InvocableHandlerMethod.getMethodArgumentValues(Lorg/springframework/web/context/request/NativeWebRequest;Lorg/springframework/web/method/support/ModelAndViewContainer;[Ljava/lang/Object;)[Ljava/lang/Object;+118
j  org.springframework.web.method.support.InvocableHandlerMethod.invokeForRequest(Lorg/springframework/web/context/request/NativeWebRequest;Lorg/springframework/web/method/support/ModelAndViewContainer;[Ljava/lang/Object;)Ljava/lang/Object;+4
j  org.springframework.web.servlet.mvc.method.annotation.ServletInvocableHandlerMethod.invokeAndHandle(Lorg/springframework/web/context/request/ServletWebRequest;Lorg/springframework/web/method/support/ModelAndViewContainer;[Ljava/lang/Object;)V+4
j  org.springframework.web.servlet.mvc.method.annotation.RequestMappingHandlerAdapter.invokeHandlerMethod(Ljakarta/servlet/http/HttpServletRequest;Ljakarta/servlet/http/HttpServletResponse;Lorg/springframework/web/method/HandlerMethod;)Lorg/springframework/web/servlet/ModelAndView;+309
j  org.springframework.web.servlet.mvc.method.annotation.RequestMappingHandlerAdapter.handleInternal(Ljakarta/servlet/http/HttpServletRequest;Ljakarta/servlet/http/HttpServletResponse;Lorg/springframework/web/method/HandlerMethod;)Lorg/springframework/web/servlet/ModelAndView;+81
j  org.springframework.web.servlet.mvc.method.AbstractHandlerMethodAdapter.handle(Ljakarta/servlet/http/HttpServletRequest;Ljakarta/servlet/http/HttpServletResponse;Ljava/lang/Object;)Lorg/springframework/web/servlet/ModelAndView;+7
j  org.springframework.web.servlet.DispatcherServlet.doDispatch(Ljakarta/servlet/http/HttpServletRequest;Ljakarta/servlet/http/HttpServletResponse;)V+259
j  org.springframework.web.servlet.DispatcherServlet.doService(Ljakarta/servlet/http/HttpServletRequest;Ljakarta/servlet/http/HttpServletResponse;)V+242
j  org.springframework.web.servlet.FrameworkServlet.processRequest(Ljakarta/servlet/http/HttpServletRequest;Ljakarta/servlet/http/HttpServletResponse;)V+70
j  org.springframework.web.servlet.FrameworkServlet.doPost(Ljakarta/servlet/http/HttpServletRequest;Ljakarta/servlet/http/HttpServletResponse;)V+3
j  jakarta.servlet.http.HttpServlet.service(Ljakarta/servlet/http/HttpServletRequest;Ljakarta/servlet/http/HttpServletResponse;)V+150
j  org.springframework.web.servlet.FrameworkServlet.service(Ljakarta/servlet/http/HttpServletRequest;Ljakarta/servlet/http/HttpServletResponse;)V+20
j  jakarta.servlet.http.HttpServlet.service(Ljakarta/servlet/ServletRequest;Ljakarta/servlet/ServletResponse;)V+37
j  org.apache.catalina.core.ApplicationFilterChain.internalDoFilter(Ljakarta/servlet/ServletRequest;Ljakarta/servlet/ServletResponse;)V+300
j  org.apache.catalina.core.ApplicationFilterChain.doFilter(Ljakarta/servlet/ServletRequest;Ljakarta/servlet/ServletResponse;)V+99
j  org.apache.tomcat.websocket.server.WsFilter.doFilter(Ljakarta/servlet/ServletRequest;Ljakarta/servlet/ServletResponse;Ljakarta/servlet/FilterChain;)V+21
j  org.apache.catalina.core.ApplicationFilterChain.internalDoFilter(Ljakarta/servlet/ServletRequest;Ljakarta/servlet/ServletResponse;)V+130
j  org.apache.catalina.core.ApplicationFilterChain.doFilter(Ljakarta/servlet/ServletRequest;Ljakarta/servlet/ServletResponse;)V+99
j  org.springframework.web.filter.OncePerRequestFilter.doFilter(Ljakarta/servlet/ServletRequest;Ljakarta/servlet/ServletResponse;Ljakarta/servlet/FilterChain;)V+125
j  org.apache.catalina.core.ApplicationFilterChain.internalDoFilter(Ljakarta/servlet/ServletRequest;Ljakarta/servlet/ServletResponse;)V+130
j  org.apache.catalina.core.ApplicationFilterChain.doFilter(Ljakarta/servlet/ServletRequest;Ljakarta/servlet/ServletResponse;)V+99
j  org.springframework.web.filter.CompositeFilter$VirtualFilterChain.doFilter(Ljakarta/servlet/ServletRequest;Ljakarta/servlet/ServletResponse;)V+22
j  org.springframework.security.web.FilterChainProxy.lambda$doFilterInternal$3(Lorg/springframework/security/web/firewall/FirewalledRequest;Ljakarta/servlet/FilterChain;Ljakarta/servlet/ServletRequest;Ljakarta/servlet/ServletResponse;)V+35
j  org.springframework.security.web.FilterChainProxy$$Lambda$1588+0x0000000100a827e0.doFilter(Ljakarta/servlet/ServletRequest;Ljakarta/servlet/ServletResponse;)V+10
j  org.springframework.security.web.FilterChainProxy$VirtualFilterChain.doFilter(Ljakarta/servlet/ServletRequest;Ljakarta/servlet/ServletResponse;)V+17
j  org.springframework.security.web.access.intercept.AuthorizationFilter.doFilter(Ljakarta/servlet/ServletRequest;Ljakarta/servlet/ServletResponse;Ljakarta/servlet/FilterChain;)V+143
j  org.springframework.security.web.FilterChainProxy$VirtualFilterChain.doFilter(Ljakarta/servlet/ServletRequest;Ljakarta/servlet/ServletResponse;)V+105
j  org.springframework.security.web.access.ExceptionTranslationFilter.doFilter(Ljakarta/servlet/http/HttpServletRequest;Ljakarta/servlet/http/HttpServletResponse;Ljakarta/servlet/FilterChain;)V+3
j  org.springframework.security.web.access.ExceptionTranslationFilter.doFilter(Ljakarta/servlet/ServletRequest;Ljakarta/servlet/ServletResponse;Ljakarta/servlet/FilterChain;)V+10
j  org.springframework.security.web.FilterChainProxy$VirtualFilterChain.doFilter(Ljakarta/servlet/ServletRequest;Ljakarta/servlet/ServletResponse;)V+105
j  org.springframework.security.web.session.SessionManagementFilter.doFilter(Ljakarta/servlet/http/HttpServletRequest;Ljakarta/servlet/http/HttpServletResponse;Ljakarta/servlet/FilterChain;)V+223
j  org.springframework.security.web.session.SessionManagementFilter.doFilter(Ljakarta/servlet/ServletRequest;Ljakarta/servlet/ServletResponse;Ljakarta/servlet/FilterChain;)V+10
j  org.springframework.security.web.FilterChainProxy$VirtualFilterChain.doFilter(Ljakarta/servlet/ServletRequest;Ljakarta/servlet/ServletResponse;)V+105
j  org.springframework.security.web.authentication.AnonymousAuthenticationFilter.doFilter(Ljakarta/servlet/ServletRequest;Ljakarta/servlet/ServletResponse;Ljakarta/servlet/FilterChain;)V+33
j  org.springframework.security.web.FilterChainProxy$VirtualFilterChain.doFilter(Ljakarta/servlet/ServletRequest;Ljakarta/servlet/ServletResponse;)V+105
j  org.springframework.security.web.servletapi.SecurityContextHolderAwareRequestFilter.doFilter(Ljakarta/servlet/ServletRequest;Ljakarta/servlet/ServletResponse;Ljakarta/servlet/FilterChain;)V+19
j  org.springframework.security.web.FilterChainProxy$VirtualFilterChain.doFilter(Ljakarta/servlet/ServletRequest;Ljakarta/servlet/ServletResponse;)V+105
j  org.springframework.security.web.savedrequest.RequestCacheAwareFilter.doFilter(Ljakarta/servlet/ServletRequest;Ljakarta/servlet/ServletResponse;Ljakarta/servlet/FilterChain;)V+32
j  org.springframework.security.web.FilterChainProxy$VirtualFilterChain.doFilter(Ljakarta/servlet/ServletRequest;Ljakarta/servlet/ServletResponse;)V+105
j  com.piyush004.SportsApi.config.JWTAuthFilter.doFilterInternal(Ljakarta/servlet/http/HttpServletRequest;Ljakarta/servlet/http/HttpServletResponse;Ljakarta/servlet/FilterChain;)V+26
j  org.springframework.web.filter.OncePerRequestFilter.doFilter(Ljakarta/servlet/ServletRequest;Ljakarta/servlet/ServletResponse;Ljakarta/servlet/FilterChain;)V+150
j  org.springframework.security.web.FilterChainProxy$VirtualFilterChain.doFilter(Ljakarta/servlet/ServletRequest;Ljakarta/servlet/ServletResponse;)V+105
j  org.springframework.security.web.authentication.logout.LogoutFilter.doFilter(Ljakarta/servlet/http/HttpServletRequest;Ljakarta/servlet/http/HttpServletResponse;Ljakarta/servlet/FilterChain;)V+83
j  org.springframework.security.web.authentication.logout.LogoutFilter.doFilter(Ljakarta/servlet/ServletRequest;Ljakarta/servlet/ServletResponse;Ljakarta/servlet/FilterChain;)V+10
j  org.springframework.security.web.FilterChainProxy$VirtualFilterChain.doFilter(Ljakarta/servlet/ServletRequest;Ljakarta/servlet/ServletResponse;)V+105
j  org.springframework.web.filter.CorsFilter.doFilterInternal(Ljakarta/servlet/http/HttpServletRequest;Ljakarta/servlet/http/HttpServletResponse;Ljakarta/servlet/FilterChain;)V+43
j  org.springframework.web.filter.OncePerRequestFilter.doFilter(Ljakarta/servlet/ServletRequest;Ljakarta/servlet/ServletResponse;Ljakarta/servlet/FilterChain;)V+150
j  org.springframework.security.web.FilterChainProxy$VirtualFilterChain.doFilter(Ljakarta/servlet/ServletRequest;Ljakarta/servlet/ServletResponse;)V+105
j  org.springframework.security.web.header.HeaderWriterFilter.doHeadersAfter(Ljakarta/servlet/http/HttpServletRequest;Ljakarta/servlet/http/HttpServletResponse;Ljakarta/servlet/FilterChain;)V+29
j  org.springframework.security.web.header.HeaderWriterFilter.doFilterInternal(Ljakarta/servlet/http/HttpServletRequest;Ljakarta/servlet/http/HttpServletResponse;Ljakarta/servlet/FilterChain;)V+21
j  org.springframework.web.filter.OncePerRequestFilter.doFilter(Ljakarta/servlet/ServletRequest;Ljakarta/servlet/ServletResponse;Ljakarta/servlet/FilterChain;)V+150
j  org.springframework.security.web.FilterChainProxy$VirtualFilterChain.doFilter(Ljakarta/servlet/ServletRequest;Ljakarta/servlet/ServletResponse;)V+105
j  org.springframework.security.web.context.SecurityContextHolderFilter.doFilter(Ljakarta/servlet/http/HttpServletRequest;Ljakarta/servlet/http/HttpServletResponse;Ljakarta/servlet/FilterChain;)V+59
j  org.springframework.security.web.context.SecurityContextHolderFilter.doFilter(Ljakarta/servlet/ServletRequest;Ljakarta/servlet/ServletResponse;Ljakarta/servlet/FilterChain;)V+10
j  org.springframework.security.web.FilterChainProxy$VirtualFilterChain.doFilter(Ljakarta/servlet/ServletRequest;Ljakarta/servlet/ServletResponse;)V+105
j  org.springframework.security.web.context.request.async.WebAsyncManagerIntegrationFilter.doFilterInternal(Ljakarta/servlet/http/HttpServletRequest;Ljakarta/servlet/http/HttpServletResponse;Ljakarta/servlet/FilterChain;)V+55
j  org.springframework.web.filter.OncePerRequestFilter.doFilter(Ljakarta/servlet/ServletRequest;Ljakarta/servlet/ServletResponse;Ljakarta/servlet/FilterChain;)V+150
j  org.springframework.security.web.FilterChainProxy$VirtualFilterChain.doFilter(Ljakarta/servlet/ServletRequest;Ljakarta/servlet/ServletResponse;)V+105
j  org.springframework.security.web.session.DisableEncodeUrlFilter.doFilterInternal(Ljakarta/servlet/http/HttpServletRequest;Ljakarta/servlet/http/HttpServletResponse;Ljakarta/servlet/FilterChain;)V+10
j  org.springframework.web.filter.OncePerRequestFilter.doFilter(Ljakarta/servlet/ServletRequest;Ljakarta/servlet/ServletResponse;Ljakarta/servlet/FilterChain;)V+150
j  org.springframework.security.web.FilterChainProxy$VirtualFilterChain.doFilter(Ljakarta/servlet/ServletRequest;Ljakarta/servlet/ServletResponse;)V+105
j  org.springframework.security.web.FilterChainProxy.doFilterInternal(Ljakarta/servlet/ServletRequest;Ljakarta/servlet/ServletResponse;Ljakarta/servlet/FilterChain;)V+163
j  org.springframework.security.web.FilterChainProxy.doFilter(Ljakarta/servlet/ServletRequest;Ljakarta/servlet/ServletResponse;Ljakarta/servlet/FilterChain;)V+48
j  org.springframework.web.filter.CompositeFilter$VirtualFilterChain.doFilter(Ljakarta/servlet/ServletRequest;Ljakarta/servlet/ServletResponse;)V+63
j  org.springframework.web.servlet.handler.HandlerMappingIntrospector.lambda$createCacheFilter$3(Ljakarta/servlet/ServletRequest;Ljakarta/servlet/ServletResponse;Ljakarta/servlet/FilterChain;)V+13
j  org.springframework.web.servlet.handler.HandlerMappingIntrospector$$Lambda$1450+0x00000001009cbf30.doFilter(Ljakarta/servlet/ServletRequest;Ljakarta/servlet/ServletResponse;Ljakarta/servlet/FilterChain;)V+7
j  org.springframework.web.filter.CompositeFilter$VirtualFilterChain.doFilter(Ljakarta/servlet/ServletRequest;Ljakarta/servlet/ServletResponse;)V+63
j  org.springframework.web.filter.CompositeFilter.doFilter(Ljakarta/servlet/ServletRequest;Ljakarta/servlet/ServletResponse;Ljakarta/servlet/FilterChain;)V+14
j  org.springframework.security.config.annotation.web.configuration.WebMvcSecurityConfiguration$CompositeFilterChainProxy.doFilter(Ljakarta/servlet/ServletRequest;Ljakarta/servlet/ServletResponse;Ljakarta/servlet/FilterChain;)V+7
j  org.springframework.web.filter.DelegatingFilterProxy.invokeDelegate(Ljakarta/servlet/Filter;Ljakarta/servlet/ServletRequest;Ljakarta/servlet/ServletResponse;Ljakarta/servlet/FilterChain;)V+5
j  org.springframework.web.filter.DelegatingFilterProxy.doFilter(Ljakarta/servlet/ServletRequest;Ljakarta/servlet/ServletResponse;Ljakarta/servlet/FilterChain;)V+85
j  org.apache.catalina.core.ApplicationFilterChain.internalDoFilter(Ljakarta/servlet/ServletRequest;Ljakarta/servlet/ServletResponse;)V+130
j  org.apache.catalina.core.ApplicationFilterChain.doFilter(Ljakarta/servlet/ServletRequest;Ljakarta/servlet/ServletResponse;)V+99
j  org.springframework.web.filter.RequestContextFilter.doFilterInternal(Ljakarta/servlet/http/HttpServletRequest;Ljakarta/servlet/http/HttpServletResponse;Ljakarta/servlet/FilterChain;)V+21
j  org.springframework.web.filter.OncePerRequestFilter.doFilter(Ljakarta/servlet/ServletRequest;Ljakarta/servlet/ServletResponse;Ljakarta/servlet/FilterChain;)V+150
j  org.apache.catalina.core.ApplicationFilterChain.internalDoFilter(Ljakarta/servlet/ServletRequest;Ljakarta/servlet/ServletResponse;)V+130
j  org.apache.catalina.core.ApplicationFilterChain.doFilter(Ljakarta/servlet/ServletRequest;Ljakarta/servlet/ServletResponse;)V+99
j  org.springframework.web.filter.FormContentFilter.doFilterInternal(Ljakarta/servlet/http/HttpServletRequest;Ljakarta/servlet/http/HttpServletResponse;Ljakarta/servlet/FilterChain;)V+38
j  org.springframework.web.filter.OncePerRequestFilter.doFilter(Ljakarta/servlet/ServletRequest;Ljakarta/servlet/ServletResponse;Ljakarta/servlet/FilterChain;)V+150
j  org.apache.catalina.core.ApplicationFilterChain.internalDoFilter(Ljakarta/servlet/ServletRequest;Ljakarta/servlet/ServletResponse;)V+130
j  org.apache.catalina.core.ApplicationFilterChain.doFilter(Ljakarta/servlet/ServletRequest;Ljakarta/servlet/ServletResponse;)V+99
j  org.springframework.session.web.http.SessionRepositoryFilter.doFilterInternal(Ljakarta/servlet/http/HttpServletRequest;Ljakarta/servlet/http/HttpServletResponse;Ljakarta/servlet/FilterChain;)V+43
j  org.springframework.session.web.http.OncePerRequestFilter.doFilter(Ljakarta/servlet/ServletRequest;Ljakarta/servlet/ServletResponse;Ljakarta/servlet/FilterChain;)V+118
j  org.springframework.web.filter.DelegatingFilterProxy.invokeDelegate(Ljakarta/servlet/Filter;Ljakarta/servlet/ServletRequest;Ljakarta/servlet/ServletResponse;Ljakarta/servlet/FilterChain;)V+5
j  org.springframework.web.filter.DelegatingFilterProxy.doFilter(Ljakarta/servlet/ServletRequest;Ljakarta/servlet/ServletResponse;Ljakarta/servlet/FilterChain;)V+85
j  org.apache.catalina.core.ApplicationFilterChain.internalDoFilter(Ljakarta/servlet/ServletRequest;Ljakarta/servlet/ServletResponse;)V+130
j  org.apache.catalina.core.ApplicationFilterChain.doFilter(Ljakarta/servlet/ServletRequest;Ljakarta/servlet/ServletResponse;)V+99
j  org.springframework.web.filter.CharacterEncodingFilter.doFilterInternal(Ljakarta/servlet/http/HttpServletRequest;Ljakarta/servlet/http/HttpServletResponse;Ljakarta/servlet/FilterChain;)V+53
j  org.springframework.web.filter.OncePerRequestFilter.doFilter(Ljakarta/servlet/ServletRequest;Ljakarta/servlet/ServletResponse;Ljakarta/servlet/FilterChain;)V+150
j  org.apache.catalina.core.ApplicationFilterChain.internalDoFilter(Ljakarta/servlet/ServletRequest;Ljakarta/servlet/ServletResponse;)V+130
j  org.apache.catalina.core.ApplicationFilterChain.doFilter(Ljakarta/servlet/ServletRequest;Ljakarta/servlet/ServletResponse;)V+99
j  org.apache.catalina.core.StandardWrapperValve.invoke(Lorg/apache/catalina/connector/Request;Lorg/apache/catalina/connector/Response;)V+514
j  org.apache.catalina.core.StandardContextValve.invoke(Lorg/apache/catalina/connector/Request;Lorg/apache/catalina/connector/Response;)V+169
j  org.apache.catalina.authenticator.AuthenticatorBase.invoke(Lorg/apache/catalina/connector/Request;Lorg/apache/catalina/connector/Response;)V+221
j  org.apache.catalina.core.StandardHostValve.invoke(Lorg/apache/catalina/connector/Request;Lorg/apache/catalina/connector/Response;)V+131
j  org.apache.catalina.valves.ErrorReportValve.invoke(Lorg/apache/catalina/connector/Request;Lorg/apache/catalina/connector/Response;)V+6
j  org.apache.catalina.core.StandardEngineValve.invoke(Lorg/apache/catalina/connector/Request;Lorg/apache/catalina/connector/Response;)V+59
j  org.apache.catalina.connector.CoyoteAdapter.service(Lorg/apache/coyote/Request;Lorg/apache/coyote/Response;)V+188
j  org.apache.coyote.http11.Http11Processor.service(Lorg/apache/tomcat/util/net/SocketWrapperBase;)Lorg/apache/tomcat/util/net/AbstractEndpoint$Handler$SocketState;+796
j  org.apache.coyote.AbstractProcessorLight.process(Lorg/apache/tomcat/util/net/SocketWrapperBase;Lorg/apache/tomcat/util/net/SocketEvent;)Lorg/apache/tomcat/util/net/AbstractEndpoint$Handler$SocketState;+155
j  org.apache.coyote.AbstractProtocol$ConnectionHandler.process(Lorg/apache/tomcat/util/net/SocketWrapperBase;Lorg/apache/tomcat/util/net/SocketEvent;)Lorg/apache/tomcat/util/net/AbstractEndpoint$Handler$SocketState;+482
j  org.apache.tomcat.util.net.NioEndpoint$SocketProcessor.doRun()V+249
j  org.apache.tomcat.util.net.SocketProcessorBase.run()V+32
j  org.apache.tomcat.util.threads.ThreadPoolExecutor.runWorker(Lorg/apache/tomcat/util/threads/ThreadPoolExecutor$Worker;)V+92
j  org.apache.tomcat.util.threads.ThreadPoolExecutor$Worker.run()V+5
j  org.apache.tomcat.util.threads.TaskThread$WrappingRunnable.run()V+4
j  java.lang.Thread.run()V+11 java.base@17.0.10
v  ~StubRoutines::call_stub

siginfo: EXCEPTION_ACCESS_VIOLATION (0xc0000005), reading address 0x0000000000000004


Registers:
RAX=0x0000020aaa37c558, RBX=0x0000020aaa37c550, RCX=0x0000000000000000, RDX=0x0000020aaa37c548
RSP=0x000000c2157fa850, RBP=0x0000000000000001, RSI=0x0000000000000000, RDI=0x0000020aa8b25840
R8 =0x0000020aaa37c550, R9 =0x0000020aa8b25840, R10=0x0000020aab7829a0, R11=0x0000020aab7832a0
R12=0x0000000000000064, R13=0x0000000000000000, R14=0x000000c2157fa990, R15=0x0000020aa8b25840
RIP=0x00007ffae549f70b, EFLAGS=0x0000000000010206


Register to memory mapping:

RIP=0x00007ffae549f70b jvm.dll
RAX=0x0000020aaa37c558 points into unknown readable memory: 0x0000000082075590 | 90 55 07 82 00 00 00 00
RBX=0x0000020aaa37c550 points into unknown readable memory: 0x0000000082315478 | 78 54 31 82 00 00 00 00
RCX=0x0 is NULL
RDX=0x0000020aaa37c548 points into unknown readable memory: 0x0000000082084000 | 00 40 08 82 00 00 00 00
RSP=0x000000c2157fa850 is pointing into the stack for thread: 0x0000020aa8b25840
RBP=0x0000000000000001 is an unknown value
RSI=0x0 is NULL
RDI=0x0000020aa8b25840 is a thread
R8 =0x0000020aaa37c550 points into unknown readable memory: 0x0000000082315478 | 78 54 31 82 00 00 00 00
R9 =0x0000020aa8b25840 is a thread
R10=0x0000020aab7829a0 is pointing into metadata
R11={method} {0x0000020aab7832a8} '<init>' '()V' in 'com/piyush004/SportsApi/dto/RequestDto$LoginRequest'
R12=0x0000000000000064 is an unknown value
R13=0x0 is NULL
R14=0x000000c2157fa990 is pointing into the stack for thread: 0x0000020aa8b25840
R15=0x0000020aa8b25840 is a thread


Top of Stack: (sp=0x000000c2157fa850)
0x000000c2157fa850:   0000000000000012 00007ffae4fbc28f
0x000000c2157fa860:   0000020a00000000 0000000000000001
0x000000c2157fa870:   0000000000000000 0000020aa8b25840
0x000000c2157fa880:   0000020aaa1a11e0 0000020aaa37c520
0x000000c2157fa890:   0000020aaa37c548 0000020aaa37c608
0x000000c2157fa8a0:   00000000000000d8 000000c2157fad08
0x000000c2157fa8b0:   0000020aab783280 0000020aa8b25840
0x000000c2157fa8c0:   0000000000000000 0000020aa8b25840
0x000000c2157fa8d0:   0000020aaa37c550 00007ffae549f6b8
0x000000c2157fa8e0:   0000020aa8b25840 00007ffae50757b3
0x000000c2157fa8f0:   0000020aa8790fd0 0000020aa8790fa0
0x000000c2157fa900:   0000020aaa37c548 00007ffae4f2face
0x000000c2157fa910:   0000020aaa37c550 0000020aaa1a1100
0x000000c2157fa920:   0000020aa8b25840 00007ffa00000000
0x000000c2157fa930:   0000020aa8b25840 000000c2157fa9d8
0x000000c2157fa940:   0000020aa8b25840 000000c2157faa30
0x000000c2157fa950:   0000000000000000 000000c2157faed0
0x000000c2157fa960:   0000020aa8b25840 00007ffae507260e
0x000000c2157fa970:   000000c2157faa20 000000c20000000a
0x000000c2157fa980:   0000000000000064 0000020aab783280
0x000000c2157fa990:   0000020aab7829a0 0000020aa8b25840
0x000000c2157fa9a0:   0000020aa8b25840 0000020a995157fb
0x000000c2157fa9b0:   0000020aab7829a0 00000000000000bb
0x000000c2157fa9c0:   0000000000000002 0000000000000000
0x000000c2157fa9d0:   0000020a995157a2 000000c2157fa9d8
0x000000c2157fa9e0:   0000020aab783280 000000c2157faa30
0x000000c2157fa9f0:   0000020aab783948 0000000000000000
0x000000c2157faa00:   00000000834f7d10 0000020aab7832a0
0x000000c2157faa10:   0000000000000000 000000c2157faa30
0x000000c2157faa20:   000000c2157fac10 0000020a994f1010
0x000000c2157faa30:   0000000085c337a0 00000000000000d5
0x000000c2157faa40:   0000020aa9ae6fd0 00000000000000d4 

Instructions: (pc=0x00007ffae549f70b)
0x00007ffae549f60b:   8b c8 48 8b f0 e8 6b f8 ff ff 48 8b d8 48 85 f6
0x00007ffae549f61b:   74 08 48 8b ce e8 6b 1c ff ff 49 83 3e 00 74 15
0x00007ffae549f62b:   48 8b 54 24 50 48 8b cd e8 48 d7 8f ff 49 8b ce
0x00007ffae549f63b:   e8 20 d7 8f ff 4c 39 65 18 74 0c 4c 89 75 10 4c
0x00007ffae549f64b:   89 65 18 4c 89 6d 20 4c 8b 74 24 20 48 8b c3 4c
0x00007ffae549f65b:   8b 6c 24 68 4c 8b 64 24 60 48 8b 6c 24 58 48 83
0x00007ffae549f66b:   c4 28 41 5f 5f 5e 5b c3 48 83 c4 28 41 5f 5f 5e
0x00007ffae549f67b:   5b e9 ff f7 ff ff cc cc cc cc cc cc cc cc cc cc
0x00007ffae549f68b:   cc cc cc cc cc 48 89 5c 24 08 48 89 6c 24 10 48
0x00007ffae549f69b:   89 74 24 18 57 48 83 ec 20 48 8b 7c 24 50 41 0f
0x00007ffae549f6ab:   b6 e9 4c 8b cf 48 8b f1 e8 48 00 00 00 48 83 7f
0x00007ffae549f6bb:   08 00 48 8b d8 75 05 48 85 c0 75 1a 4c 8b c7 40
0x00007ffae549f6cb:   0f b6 d5 48 8b ce e8 8a d8 ff ff 48 83 7f 08 00
0x00007ffae549f6db:   74 04 33 c0 eb 03 48 8b c3 48 8b 5c 24 30 48 8b
0x00007ffae549f6eb:   6c 24 38 48 8b 74 24 40 48 83 c4 20 5f c3 cc cc
0x00007ffae549f6fb:   cc cc cc cc cc 40 53 57 41 55 41 57 48 83 ec 68
0x00007ffae549f70b:   66 83 79 04 01 4d 8b e9 49 8b d8 48 8b fa 4c 8b
0x00007ffae549f71b:   f9 0f 86 39 02 00 00 80 79 06 5b 0f 85 2f 02 00
0x00007ffae549f72b:   00 e8 2f ef f9 ff 84 c0 0f 84 22 02 00 00 48 89
0x00007ffae549f73b:   ac 24 98 00 00 00 48 8d 4c 24 28 48 89 b4 24 a0
0x00007ffae549f74b:   00 00 00 45 33 c0 49 8b b5 38 02 00 00 49 8b d7
0x00007ffae549f75b:   4c 89 a4 24 a8 00 00 00 4c 89 74 24 60 48 8b 46
0x00007ffae549f76b:   28 48 8b 6e 10 4c 8b 76 18 4c 8b 66 20 48 89 44
0x00007ffae549f77b:   24 20 e8 ae e6 f9 ff 8b 44 24 40 45 33 ff 83 f8
0x00007ffae549f78b:   0d 74 0d 45 8b cf 44 89 bc 24 90 00 00 00 eb 18
0x00007ffae549f79b:   48 8d 4c 24 28 e8 db f2 f9 ff 44 8b c8 89 84 24
0x00007ffae549f7ab:   90 00 00 00 8b 44 24 40 48 63 54 24 30 48 8b 4c
0x00007ffae549f7bb:   24 28 80 7c 0a 06 4c 0f 85 d0 00 00 00 48 8d 4c
0x00007ffae549f7cb:   24 28 e8 fe ec f9 ff 4d 8b cd 4c 8b c3 48 8b d7
0x00007ffae549f7db:   48 8b c8 e8 9d f6 ff ff 48 8b d8 4d 39 7d 08 74
0x00007ffae549f7eb:   40 48 8d 4c 24 28 e8 8a e6 f9 ff 4c 39 7d 00 74
0x00007ffae549f7fb:   15 48 8b 54 24 20 48 8b ce e8 77 d5 8f ff 48 8b 


Stack slot to memory mapping:
stack at sp + 0 slots: 0x0000000000000012 is an unknown value
stack at sp + 1 slots: 0x00007ffae4fbc28f jvm.dll
stack at sp + 2 slots: 0x0000020a00000000 is an unknown value
stack at sp + 3 slots: 0x0000000000000001 is an unknown value
stack at sp + 4 slots: 0x0 is NULL
stack at sp + 5 slots: 0x0000020aa8b25840 is a thread
stack at sp + 6 slots: 0x0000020aaa1a11e0 points into unknown readable memory: 0x6e616c2e00000002 | 02 00 00 00 2e 6c 61 6e
stack at sp + 7 slots: 0x0000020aaa37c520 points into unknown readable memory: 0x0000000000000000 | 00 00 00 00 00 00 00 00

new  187 new  [0x0000020a99515660, 0x0000020a99515940]  736 bytes
[MachCode]
  0x0000020a99515660: 4883 ec08 | c5fa 1104 | 24eb 1f48 | 83ec 10c5 | fb11 0424 | eb14 4883 | ec10 4889 | 0424 48c7 
  0x0000020a99515680: 4424 0800 | 0000 00eb | 0150 410f | b755 010f | cac1 ea10 | 488b 4de8 | 488b 4908 | 488b 4908 
  0x0000020a995156a0: 488b 4108 | 807c 1004 | 070f 85d6 | 0000 0066 | 8b54 d148 | 488b 4928 | 488b 4cd1 | 0851 80b9 
  0x0000020a995156c0: 3301 0000 | 040f 85b9 | 0000 008b | 5108 f7c2 | 0100 0000 | 0f85 aa00 | 0000 498b | 8708 0100 
  0x0000020a995156e0: 0048 8d1c | 1049 3b9f | 1801 0000 | 0f87 9200 | 0000 4989 | 9f08 0100 | 00e9 0000 | 0000 4883 
  0x0000020a99515700: ea10 0f84 | 0f00 0000 | 33c9 c1ea | 0348 894c | d008 48ff | ca75 f648 | c700 0100 | 0000 5933 
  0x0000020a99515720: f689 700c | 48c1 e903 | 8948 0849 | ba7a 3587 | e5fa 7f00 | 0041 803a | 000f 8440 | 0000 0050 
  0x0000020a99515740: 488b c848 | 83ec 20f7 | c40f 0000 | 000f 841a | 0000 0048 | 83ec 0849 | ba20 303d | e5fa 7f00 
  0x0000020a99515760: 0041 ffd2 | 4883 c408 | e90d 0000 | 0049 ba20 | 303d e5fa | 7f00 0041 | ffd2 4883 | c420 58e9 
  0x0000020a99515780: 9201 0000 | 5948 8b55 | e848 8b52 | 0848 8b52 | 0845 0fb7 | 4501 410f | c841 c1e8 | 10e8 0500 
  0x0000020a995157a0: 0000 e96f | 0100 0048 | 8d44 2408 | 4c89 6dc0 | 498b cfc5 | f877 4989 | afa8 0200 | 0049 8987 
  0x0000020a995157c0: 9802 0000 | 4883 ec20 | f7c4 0f00 | 0000 0f84 | 1a00 0000 | 4883 ec08 | 49ba c025 | 07e5 fa7f 
  0x0000020a995157e0: 0000 41ff | d248 83c4 | 08e9 0d00 | 0000 49ba | c025 07e5 | fa7f 0000 | 41ff d248 | 83c4 2049 
  0x0000020a99515800: c787 9802 | 0000 0000 | 0000 49c7 | 87a8 0200 | 0000 0000 | 0049 c787 | a002 0000 | 0000 0000 
  0x0000020a99515820: c5f8 7741 | 8b8f 0c04 | 0000 f7c1 | 0100 0000 | 0f84 4900 | 0000 f7c1 | 0200 0000 | 0f85 3d00 
  0x0000020a99515840: 0000 4883 | ec20 f7c4 | 0f00 0000 | 0f84 1a00 | 0000 4883 | ec08 49ba | 5000 07e5 | fa7f 0000 
  0x0000020a99515860: 41ff d248 | 83c4 08e9 | 0d00 0000 | 49ba 5000 | 07e5 fa7f | 0000 41ff | d248 83c4 | 20ff e049 
  0x0000020a99515880: 8b8f 9004 | 0000 4885 | c90f 8459 | 0000 008b | 898c 0000 | 0083 f901 | 0f85 4a00 | 0000 498b 
  0x0000020a995158a0: 8f90 0400 | 008b 8990 | 0000 0048 | 83ec 20f7 | c40f 0000 | 000f 841a | 0000 0048 | 83ec 0849 
  0x0000020a995158c0: ba40 0007 | e5fa 7f00 | 0041 ffd2 | 4883 c408 | e90d 0000 | 0049 ba40 | 0007 e5fa | 7f00 0041 
  0x0000020a995158e0: ffd2 4883 | c420 ffe0 | 4981 7f08 | 0000 0000 | 0f84 0500 | 0000 e905 | b6fd ff49 | 8b87 f002 
  0x0000020a99515900: 0000 49c7 | 87f0 0200 | 0000 0000 | 004c 8b6d | c04c 8b75 | c8c3 410f | b65d 0349 | 83c5 0349 
  0x0000020a99515920: ba90 a189 | e5fa 7f00 | 0041 ff24 | da66 6690 | 0000 0000 | 0000 0000 | 0000 0000 | 0000 0000 
[/MachCode]

---------------  P R O C E S S  ---------------

Threads class SMR info:
_java_thread_list=0x0000020aaa529b50, length=38, elements={
0x0000020aa34443f0, 0x0000020aa3445680, 0x0000020aa341cfe0, 0x0000020aa341f060,
0x0000020aa346d3c0, 0x0000020aa346ceb0, 0x0000020aa3470a90, 0x0000020aa34826b0,
0x0000020aa346e2f0, 0x0000020aa36471b0, 0x0000020aa3649070, 0x0000020aa3649570,
0x0000020aa346d8d0, 0x0000020aa346b050, 0x0000020aa346c9a0, 0x0000020aa346b560,
0x0000020aa346bf80, 0x0000020aa346e800, 0x0000020aa346c490, 0x0000020aa8b22ab0,
0x0000020aa8b22090, 0x0000020aa8b21b80, 0x0000020aa8b24910, 0x0000020aa8b24e20,
0x0000020aa8b276a0, 0x0000020aa8b23ef0, 0x0000020aa8b22fc0, 0x0000020aa8b20230,
0x0000020aa8b25330, 0x0000020aa8b234d0, 0x0000020aa8b25840, 0x0000020aa8b25d50,
0x0000020aa8b239e0, 0x0000020aa8b20740, 0x0000020aa8b24400, 0x0000020aa8b20c50,
0x0000020aa8b21160, 0x0000020aa8b26260
}

Java Threads: ( => current thread )
  0x0000020aa34443f0 JavaThread "Reference Handler" daemon [_thread_blocked, id=1544, stack(0x000000c213400000,0x000000c213500000)]
  0x0000020aa3445680 JavaThread "Finalizer" daemon [_thread_blocked, id=14288, stack(0x000000c213500000,0x000000c213600000)]
  0x0000020aa341cfe0 JavaThread "Signal Dispatcher" daemon [_thread_blocked, id=9000, stack(0x000000c213600000,0x000000c213700000)]
  0x0000020aa341f060 JavaThread "Attach Listener" daemon [_thread_blocked, id=12188, stack(0x000000c213700000,0x000000c213800000)]
  0x0000020aa346d3c0 JavaThread "Service Thread" daemon [_thread_blocked, id=11676, stack(0x000000c213800000,0x000000c213900000)]
  0x0000020aa346ceb0 JavaThread "Monitor Deflation Thread" daemon [_thread_blocked, id=10564, stack(0x000000c213900000,0x000000c213a00000)]
  0x0000020aa3470a90 JavaThread "C1 CompilerThread0" daemon [_thread_blocked, id=5924, stack(0x000000c213a00000,0x000000c213b00000)]
  0x0000020aa34826b0 JavaThread "Sweeper thread" daemon [_thread_blocked, id=1684, stack(0x000000c213b00000,0x000000c213c00000)]
  0x0000020aa346e2f0 JavaThread "Common-Cleaner" daemon [_thread_blocked, id=9316, stack(0x000000c213c00000,0x000000c213d00000)]
  0x0000020aa36471b0 JavaThread "JDWP Transport Listener: dt_socket" daemon [_thread_blocked, id=1680, stack(0x000000c213f00000,0x000000c214000000)]
  0x0000020aa3649070 JavaThread "JDWP Event Helper Thread" daemon [_thread_blocked, id=15764, stack(0x000000c214000000,0x000000c214100000)]
  0x0000020aa3649570 JavaThread "JDWP Command Reader" daemon [_thread_in_native, id=8860, stack(0x000000c214100000,0x000000c214200000)]
  0x0000020aa346d8d0 JavaThread "Notification Thread" daemon [_thread_blocked, id=1324, stack(0x000000c214200000,0x000000c214300000)]
  0x0000020aa346b050 JavaThread "RMI TCP Accept-0" daemon [_thread_in_native, id=15096, stack(0x000000c214600000,0x000000c214700000)]
  0x0000020aa346c9a0 JavaThread "RMI TCP Accept-50455" daemon [_thread_in_native, id=12560, stack(0x000000c214700000,0x000000c214800000)]
  0x0000020aa346b560 JavaThread "RMI TCP Accept-0" daemon [_thread_in_native, id=6920, stack(0x000000c214800000,0x000000c214900000)]
  0x0000020aa346bf80 JavaThread "RMI TCP Connection(idle)" daemon [_thread_blocked, id=12996, stack(0x000000c214b00000,0x000000c214c00000)]
  0x0000020aa346e800 JavaThread "RMI Scheduler(0)" daemon [_thread_blocked, id=1540, stack(0x000000c214c00000,0x000000c214d00000)]
  0x0000020aa346c490 JavaThread "JMX server connection timeout 24" daemon [_thread_blocked, id=10312, stack(0x000000c214d00000,0x000000c214e00000)]
  0x0000020aa8b22ab0 JavaThread "mysql-cj-abandoned-connection-cleanup" daemon [_thread_blocked, id=9960, stack(0x000000c214e00000,0x000000c214f00000)]
  0x0000020aa8b22090 JavaThread "HikariPool-1 housekeeper" daemon [_thread_blocked, id=6616, stack(0x000000c215100000,0x000000c215200000)]
  0x0000020aa8b21b80 JavaThread "Catalina-utility-1" [_thread_blocked, id=14084, stack(0x000000c215300000,0x000000c215400000)]
  0x0000020aa8b24910 JavaThread "Catalina-utility-2" [_thread_blocked, id=2028, stack(0x000000c215400000,0x000000c215500000)]
  0x0000020aa8b24e20 JavaThread "container-0" [_thread_blocked, id=412, stack(0x000000c215500000,0x000000c215600000)]
  0x0000020aa8b276a0 JavaThread "spring-session-1" [_thread_blocked, id=13548, stack(0x000000c212b00000,0x000000c212c00000)]
  0x0000020aa8b23ef0 JavaThread "http-nio-1010-exec-1" daemon [_thread_blocked, id=12284, stack(0x000000c212c00000,0x000000c212d00000)]
  0x0000020aa8b22fc0 JavaThread "http-nio-1010-exec-2" daemon [_thread_blocked, id=9128, stack(0x000000c213e00000,0x000000c213f00000)]
  0x0000020aa8b20230 JavaThread "http-nio-1010-exec-3" daemon [_thread_blocked, id=15284, stack(0x000000c214a00000,0x000000c214b00000)]
  0x0000020aa8b25330 JavaThread "http-nio-1010-exec-4" daemon [_thread_blocked, id=1416, stack(0x000000c215200000,0x000000c215300000)]
  0x0000020aa8b234d0 JavaThread "http-nio-1010-exec-5" daemon [_thread_blocked, id=1492, stack(0x000000c215600000,0x000000c215700000)]
=>0x0000020aa8b25840 JavaThread "http-nio-1010-exec-6" daemon [_thread_in_vm, id=256, stack(0x000000c215700000,0x000000c215800000)]
  0x0000020aa8b25d50 JavaThread "http-nio-1010-exec-7" daemon [_thread_blocked, id=4524, stack(0x000000c215800000,0x000000c215900000)]
  0x0000020aa8b239e0 JavaThread "http-nio-1010-exec-8" daemon [_thread_blocked, id=15292, stack(0x000000c215900000,0x000000c215a00000)]
  0x0000020aa8b20740 JavaThread "http-nio-1010-exec-9" daemon [_thread_blocked, id=14012, stack(0x000000c215a00000,0x000000c215b00000)]
  0x0000020aa8b24400 JavaThread "http-nio-1010-exec-10" daemon [_thread_blocked, id=5476, stack(0x000000c215b00000,0x000000c215c00000)]
  0x0000020aa8b20c50 JavaThread "http-nio-1010-Poller" daemon [_thread_in_native, id=16476, stack(0x000000c215c00000,0x000000c215d00000)]
  0x0000020aa8b21160 JavaThread "http-nio-1010-Acceptor" daemon [_thread_in_native, id=15132, stack(0x000000c215d00000,0x000000c215e00000)]
  0x0000020aa8b26260 JavaThread "DestroyJavaVM" [_thread_blocked, id=460, stack(0x000000c212d00000,0x000000c212e00000)]

Other Threads:
  0x0000020aa340a160 VMThread "VM Thread" [stack: 0x000000c213300000,0x000000c213400000] [id=8296]
  0x0000020a95e34a00 WatcherThread [stack: 0x000000c214900000,0x000000c214a00000] [id=16132]
  0x0000020a95e86f20 GCTaskThread "GC Thread#0" [stack: 0x000000c212e00000,0x000000c212f00000] [id=14640]
  0x0000020aa84999e0 GCTaskThread "GC Thread#1" [stack: 0x000000c214300000,0x000000c214400000] [id=15508]
  0x0000020aa8499ca0 GCTaskThread "GC Thread#2" [stack: 0x000000c214400000,0x000000c214500000] [id=13760]
  0x0000020aa84a74e0 GCTaskThread "GC Thread#3" [stack: 0x000000c214500000,0x000000c214600000] [id=15080]
  0x0000020a95e98a10 ConcurrentGCThread "G1 Main Marker" [stack: 0x000000c212f00000,0x000000c213000000] [id=8856]
  0x0000020a95e99c20 ConcurrentGCThread "G1 Conc#0" [stack: 0x000000c213000000,0x000000c213100000] [id=13184]
  0x0000020a95edd220 ConcurrentGCThread "G1 Refine#0" [stack: 0x000000c213100000,0x000000c213200000] [id=13524]
  0x0000020a95edecb0 ConcurrentGCThread "G1 Service" [stack: 0x000000c213200000,0x000000c213300000] [id=9620]

Threads with active compile tasks:

VM state: not at safepoint (normal execution)

VM Mutex/Monitor currently owned by a thread: None

Heap address: 0x0000000081c00000, size: 2020 MB, Compressed Oops mode: 32-bit

CDS archive(s) not mapped
Compressed class space mapped at: 0x0000000100000000-0x0000000140000000, reserved size: 1073741824
Narrow klass base: 0x0000000000000000, Narrow klass shift: 3, Narrow klass range: 0x140000000

GC Precious Log:
 CPUs: 4 total, 4 available
 Memory: 8075M
 Large Page Support: Disabled
 NUMA Support: Disabled
 Compressed Oops: Enabled (32-bit)
 Heap Region Size: 1M
 Heap Min Capacity: 8M
 Heap Initial Capacity: 128M
 Heap Max Capacity: 2020M
 Pre-touch: Disabled
 Parallel Workers: 4
 Concurrent Workers: 1
 Concurrent Refinement Workers: 4
 Periodic GC: Disabled

Heap:
 garbage-first heap   total 86016K, used 49936K [0x0000000081c00000, 0x0000000100000000)
  region size 1024K, 24 young (24576K), 4 survivors (4096K)
 Metaspace       used 83179K, committed 83840K, reserved 1179648K
  class space    used 11130K, committed 11456K, reserved 1048576K

Heap Regions: E=young(eden), S=young(survivor), O=old, HS=humongous(starts), HC=humongous(continues), CS=collection set, F=free, OA=open archive, CA=closed archive, TAMS=top-at-mark-start (previous, next)
|   0|0x0000000081c00000, 0x0000000081d00000, 0x0000000081d00000|100%|HS|  |TAMS 0x0000000081d00000, 0x0000000081c00000| Complete 
|   1|0x0000000081d00000, 0x0000000081e00000, 0x0000000081e00000|100%| O|  |TAMS 0x0000000081e00000, 0x0000000081d00000| Untracked 
|   2|0x0000000081e00000, 0x0000000081f00000, 0x0000000081f00000|100%| O|  |TAMS 0x0000000081f00000, 0x0000000081e00000| Untracked 
|   3|0x0000000081f00000, 0x0000000082000000, 0x0000000082000000|100%| O|  |TAMS 0x0000000082000000, 0x0000000081f00000| Untracked 
|   4|0x0000000082000000, 0x0000000082100000, 0x0000000082100000|100%| O|  |TAMS 0x0000000082100000, 0x0000000082000000| Untracked 
|   5|0x0000000082100000, 0x0000000082200000, 0x0000000082200000|100%| O|  |TAMS 0x0000000082200000, 0x0000000082100000| Untracked 
|   6|0x0000000082200000, 0x0000000082300000, 0x0000000082300000|100%| O|  |TAMS 0x0000000082300000, 0x0000000082200000| Untracked 
|   7|0x0000000082300000, 0x0000000082400000, 0x0000000082400000|100%| O|  |TAMS 0x0000000082400000, 0x0000000082300000| Untracked 
|   8|0x0000000082400000, 0x0000000082500000, 0x0000000082500000|100%| O|  |TAMS 0x0000000082500000, 0x0000000082400000| Untracked 
|   9|0x0000000082500000, 0x0000000082600000, 0x0000000082600000|100%| O|  |TAMS 0x0000000082600000, 0x0000000082500000| Untracked 
|  10|0x0000000082600000, 0x0000000082700000, 0x0000000082700000|100%| O|  |TAMS 0x0000000082700000, 0x0000000082600000| Untracked 
|  11|0x0000000082700000, 0x0000000082800000, 0x0000000082800000|100%| O|  |TAMS 0x0000000082800000, 0x0000000082700000| Untracked 
|  12|0x0000000082800000, 0x0000000082900000, 0x0000000082900000|100%| O|  |TAMS 0x0000000082900000, 0x0000000082800000| Untracked 
|  13|0x0000000082900000, 0x0000000082a00000, 0x0000000082a00000|100%| O|  |TAMS 0x0000000082a00000, 0x0000000082900000| Untracked 
|  14|0x0000000082a00000, 0x0000000082b00000, 0x0000000082b00000|100%| O|  |TAMS 0x0000000082b00000, 0x0000000082a00000| Untracked 
|  15|0x0000000082b00000, 0x0000000082c00000, 0x0000000082c00000|100%| O|  |TAMS 0x0000000082c00000, 0x0000000082b00000| Untracked 
|  16|0x0000000082c00000, 0x0000000082d00000, 0x0000000082d00000|100%| O|  |TAMS 0x0000000082d00000, 0x0000000082c00000| Untracked 
|  17|0x0000000082d00000, 0x0000000082e00000, 0x0000000082e00000|100%| O|  |TAMS 0x0000000082e00000, 0x0000000082d00000| Untracked 
|  18|0x0000000082e00000, 0x0000000082f00000, 0x0000000082f00000|100%| O|  |TAMS 0x0000000082f00000, 0x0000000082e00000| Untracked 
|  19|0x0000000082f00000, 0x0000000083000000, 0x0000000083000000|100%| O|  |TAMS 0x0000000082f00000, 0x0000000082f00000| Untracked 
|  20|0x0000000083000000, 0x0000000083100000, 0x0000000083100000|100%| O|  |TAMS 0x0000000083000000, 0x0000000083000000| Untracked 
|  21|0x0000000083100000, 0x0000000083200000, 0x0000000083200000|100%| O|  |TAMS 0x0000000083100000, 0x0000000083100000| Untracked 
|  22|0x0000000083200000, 0x0000000083300000, 0x0000000083300000|100%| O|  |TAMS 0x0000000083200000, 0x0000000083200000| Untracked 
|  23|0x0000000083300000, 0x0000000083400000, 0x0000000083400000|100%| O|  |TAMS 0x0000000083300000, 0x0000000083300000| Untracked 
|  24|0x0000000083400000, 0x0000000083500000, 0x0000000083500000|100%| O|  |TAMS 0x0000000083400000, 0x0000000083400000| Untracked 
|  25|0x0000000083500000, 0x0000000083600000, 0x0000000083600000|100%| O|  |TAMS 0x0000000083500000, 0x0000000083500000| Untracked 
|  26|0x0000000083600000, 0x0000000083700000, 0x0000000083700000|100%| O|  |TAMS 0x0000000083600000, 0x0000000083600000| Untracked 
|  27|0x0000000083700000, 0x000000008371ea00, 0x0000000083800000| 11%| O|  |TAMS 0x0000000083700000, 0x0000000083700000| Untracked 
|  28|0x0000000083800000, 0x0000000083800000, 0x0000000083900000|  0%| F|  |TAMS 0x0000000083800000, 0x0000000083800000| Untracked 
|  29|0x0000000083900000, 0x0000000083900000, 0x0000000083a00000|  0%| F|  |TAMS 0x0000000083900000, 0x0000000083900000| Untracked 
|  30|0x0000000083a00000, 0x0000000083a00000, 0x0000000083b00000|  0%| F|  |TAMS 0x0000000083a00000, 0x0000000083a00000| Untracked 
|  31|0x0000000083b00000, 0x0000000083b00000, 0x0000000083c00000|  0%| F|  |TAMS 0x0000000083b00000, 0x0000000083b00000| Untracked 
|  32|0x0000000083c00000, 0x0000000083c00000, 0x0000000083d00000|  0%| F|  |TAMS 0x0000000083c00000, 0x0000000083c00000| Untracked 
|  33|0x0000000083d00000, 0x0000000083d00000, 0x0000000083e00000|  0%| F|  |TAMS 0x0000000083d00000, 0x0000000083d00000| Untracked 
|  34|0x0000000083e00000, 0x0000000083e00000, 0x0000000083f00000|  0%| F|  |TAMS 0x0000000083e00000, 0x0000000083e00000| Untracked 
|  35|0x0000000083f00000, 0x0000000083f00000, 0x0000000084000000|  0%| F|  |TAMS 0x0000000083f00000, 0x0000000083f00000| Untracked 
|  36|0x0000000084000000, 0x00000000840a5750, 0x0000000084100000| 64%| S|CS|TAMS 0x0000000084000000, 0x0000000084000000| Complete 
|  37|0x0000000084100000, 0x0000000084200000, 0x0000000084200000|100%| S|CS|TAMS 0x0000000084100000, 0x0000000084100000| Complete 
|  38|0x0000000084200000, 0x0000000084200000, 0x0000000084300000|  0%| F|  |TAMS 0x0000000084200000, 0x0000000084200000| Untracked 
|  39|0x0000000084300000, 0x0000000084400000, 0x0000000084400000|100%| S|CS|TAMS 0x0000000084300000, 0x0000000084300000| Complete 
|  40|0x0000000084400000, 0x0000000084400000, 0x0000000084500000|  0%| F|  |TAMS 0x0000000084400000, 0x0000000084400000| Untracked 
|  41|0x0000000084500000, 0x0000000084500000, 0x0000000084600000|  0%| F|  |TAMS 0x0000000084500000, 0x0000000084500000| Untracked 
|  42|0x0000000084600000, 0x0000000084600000, 0x0000000084700000|  0%| F|  |TAMS 0x0000000084600000, 0x0000000084600000| Untracked 
|  43|0x0000000084700000, 0x0000000084700000, 0x0000000084800000|  0%| F|  |TAMS 0x0000000084700000, 0x0000000084700000| Untracked 
|  44|0x0000000084800000, 0x0000000084900000, 0x0000000084900000|100%| S|CS|TAMS 0x0000000084800000, 0x0000000084800000| Complete 
|  45|0x0000000084900000, 0x0000000084900000, 0x0000000084a00000|  0%| F|  |TAMS 0x0000000084900000, 0x0000000084900000| Untracked 
|  46|0x0000000084a00000, 0x0000000084a00000, 0x0000000084b00000|  0%| F|  |TAMS 0x0000000084a00000, 0x0000000084a00000| Untracked 
|  47|0x0000000084b00000, 0x0000000084b00000, 0x0000000084c00000|  0%| F|  |TAMS 0x0000000084b00000, 0x0000000084b00000| Untracked 
|  48|0x0000000084c00000, 0x0000000084c00000, 0x0000000084d00000|  0%| F|  |TAMS 0x0000000084c00000, 0x0000000084c00000| Untracked 
|  49|0x0000000084d00000, 0x0000000084d00000, 0x0000000084e00000|  0%| F|  |TAMS 0x0000000084d00000, 0x0000000084d00000| Untracked 
|  50|0x0000000084e00000, 0x0000000084e00000, 0x0000000084f00000|  0%| F|  |TAMS 0x0000000084e00000, 0x0000000084e00000| Untracked 
|  51|0x0000000084f00000, 0x0000000084f00000, 0x0000000085000000|  0%| F|  |TAMS 0x0000000084f00000, 0x0000000084f00000| Untracked 
|  52|0x0000000085000000, 0x0000000085000000, 0x0000000085100000|  0%| F|  |TAMS 0x0000000085000000, 0x0000000085000000| Untracked 
|  53|0x0000000085100000, 0x0000000085100000, 0x0000000085200000|  0%| F|  |TAMS 0x0000000085100000, 0x0000000085100000| Untracked 
|  54|0x0000000085200000, 0x0000000085200000, 0x0000000085300000|  0%| F|  |TAMS 0x0000000085200000, 0x0000000085200000| Untracked 
|  55|0x0000000085300000, 0x0000000085300000, 0x0000000085400000|  0%| F|  |TAMS 0x0000000085300000, 0x0000000085300000| Untracked 
|  56|0x0000000085400000, 0x0000000085400000, 0x0000000085500000|  0%| F|  |TAMS 0x0000000085400000, 0x0000000085400000| Untracked 
|  57|0x0000000085500000, 0x0000000085500000, 0x0000000085600000|  0%| F|  |TAMS 0x0000000085500000, 0x0000000085500000| Untracked 
|  58|0x0000000085600000, 0x0000000085600000, 0x0000000085700000|  0%| F|  |TAMS 0x0000000085600000, 0x0000000085600000| Untracked 
|  59|0x0000000085700000, 0x0000000085700000, 0x0000000085800000|  0%| F|  |TAMS 0x0000000085700000, 0x0000000085700000| Untracked 
|  60|0x0000000085800000, 0x0000000085800000, 0x0000000085900000|  0%| F|  |TAMS 0x0000000085800000, 0x0000000085800000| Untracked 
|  61|0x0000000085900000, 0x0000000085900000, 0x0000000085a00000|  0%| F|  |TAMS 0x0000000085900000, 0x0000000085900000| Untracked 
|  62|0x0000000085a00000, 0x0000000085a00000, 0x0000000085b00000|  0%| F|  |TAMS 0x0000000085a00000, 0x0000000085a00000| Untracked 
|  63|0x0000000085b00000, 0x0000000085b00000, 0x0000000085c00000|  0%| F|  |TAMS 0x0000000085b00000, 0x0000000085b00000| Untracked 
|  64|0x0000000085c00000, 0x0000000085c35208, 0x0000000085d00000| 20%| E|  |TAMS 0x0000000085c00000, 0x0000000085c00000| Complete 
|  65|0x0000000085d00000, 0x0000000085e00000, 0x0000000085e00000|100%| E|CS|TAMS 0x0000000085d00000, 0x0000000085d00000| Complete 
|  66|0x0000000085e00000, 0x0000000085f00000, 0x0000000085f00000|100%| E|CS|TAMS 0x0000000085e00000, 0x0000000085e00000| Complete 
|  67|0x0000000085f00000, 0x0000000086000000, 0x0000000086000000|100%| E|CS|TAMS 0x0000000085f00000, 0x0000000085f00000| Complete 
|  68|0x0000000086000000, 0x0000000086100000, 0x0000000086100000|100%| E|CS|TAMS 0x0000000086000000, 0x0000000086000000| Complete 
|  69|0x0000000086100000, 0x0000000086200000, 0x0000000086200000|100%| E|CS|TAMS 0x0000000086100000, 0x0000000086100000| Complete 
|  70|0x0000000086200000, 0x0000000086300000, 0x0000000086300000|100%| E|CS|TAMS 0x0000000086200000, 0x0000000086200000| Complete 
|  71|0x0000000086300000, 0x00000000863ffdc8, 0x0000000086400000| 99%| E|  |TAMS 0x0000000086300000, 0x0000000086300000| Complete 
|  72|0x0000000086400000, 0x0000000086500000, 0x0000000086500000|100%| E|CS|TAMS 0x0000000086400000, 0x0000000086400000| Complete 
|  73|0x0000000086500000, 0x0000000086600000, 0x0000000086600000|100%| E|CS|TAMS 0x0000000086500000, 0x0000000086500000| Complete 
|  74|0x0000000086600000, 0x0000000086700000, 0x0000000086700000|100%| E|CS|TAMS 0x0000000086600000, 0x0000000086600000| Complete 
|  75|0x0000000086700000, 0x0000000086800000, 0x0000000086800000|100%| E|CS|TAMS 0x0000000086700000, 0x0000000086700000| Complete 
|  76|0x0000000086800000, 0x0000000086900000, 0x0000000086900000|100%| E|CS|TAMS 0x0000000086800000, 0x0000000086800000| Complete 
|  77|0x0000000086900000, 0x0000000086a00000, 0x0000000086a00000|100%| E|CS|TAMS 0x0000000086900000, 0x0000000086900000| Complete 
|  98|0x0000000087e00000, 0x0000000087f00000, 0x0000000087f00000|100%| E|CS|TAMS 0x0000000087e00000, 0x0000000087e00000| Complete 
|  99|0x0000000087f00000, 0x0000000088000000, 0x0000000088000000|100%| E|CS|TAMS 0x0000000087f00000, 0x0000000087f00000| Complete 
| 100|0x0000000088000000, 0x0000000088100000, 0x0000000088100000|100%| E|CS|TAMS 0x0000000088000000, 0x0000000088000000| Complete 
| 101|0x0000000088100000, 0x0000000088200000, 0x0000000088200000|100%| E|CS|TAMS 0x0000000088100000, 0x0000000088100000| Complete 
| 126|0x0000000089a00000, 0x0000000089b00000, 0x0000000089b00000|100%| E|CS|TAMS 0x0000000089a00000, 0x0000000089a00000| Complete 
| 127|0x0000000089b00000, 0x0000000089c00000, 0x0000000089c00000|100%| E|CS|TAMS 0x0000000089b00000, 0x0000000089b00000| Complete 

Card table byte_map: [0x0000020a9c8f0000,0x0000020a9ccf0000] _byte_map_base: 0x0000020a9c4e2000

Marking Bits (Prev, Next): (CMBitMap*) 0x0000020a95e88460, (CMBitMap*) 0x0000020a95e884a0
 Prev Bits: [0x0000020a9d0f0000, 0x0000020a9f080000)
 Next Bits: [0x0000020a9f080000, 0x0000020aa1010000)

Polling page: 0x0000020a93de0000

Metaspace:

Usage:
  Non-class:     70.36 MB used.
      Class:     10.87 MB used.
       Both:     81.23 MB used.

Virtual space:
  Non-class space:      128.00 MB reserved,      70.69 MB ( 55%) committed,  2 nodes.
      Class space:        1.00 GB reserved,      11.19 MB (  1%) committed,  1 nodes.
             Both:        1.12 GB reserved,      81.88 MB (  7%) committed. 

Chunk freelists:
   Non-Class:  8.48 MB
       Class:  4.87 MB
        Both:  13.35 MB

MaxMetaspaceSize: unlimited
CompressedClassSpaceSize: 1.00 GB
Initial GC threshold: 21.00 MB
Current GC threshold: 107.44 MB
CDS: off
MetaspaceReclaimPolicy: balanced
 - commit_granule_bytes: 65536.
 - commit_granule_words: 8192.
 - virtual_space_node_default_size: 8388608.
 - enlarge_chunks_in_place: 1.
 - new_chunks_are_fully_committed: 0.
 - uncommit_free_chunks: 1.
 - use_allocation_guard: 0.
 - handle_deallocations: 1.


Internal statistics:

num_allocs_failed_limit: 12.
num_arena_births: 876.
num_arena_deaths: 0.
num_vsnodes_births: 3.
num_vsnodes_deaths: 0.
num_space_committed: 1310.
num_space_uncommitted: 0.
num_chunks_returned_to_freelist: 12.
num_chunks_taken_from_freelist: 3366.
num_chunk_merges: 9.
num_chunk_splits: 2457.
num_chunks_enlarged: 1958.
num_inconsistent_stats: 0.

CodeCache: size=49152Kb used=10177Kb max_used=11258Kb free=38974Kb
 bounds [0x0000020a994f0000, 0x0000020a99ff0000, 0x0000020a9c4f0000]
 total_blobs=5912 nmethods=5205 adapters=634
 compilation: enabled
              stopped_count=0, restarted_count=0
 full_count=0

Compilation events (20 events):
Event: 8.338 Thread 0x0000020aa8c5d3c0 nmethod 5179 0x0000020a99fe5910 code [0x0000020a99fe5b80, 0x0000020a99fe6928]
Event: 8.338 Thread 0x0000020aa3470a90 5183       1       org.springframework.core.annotation.AnnotationTypeMapping::processAliases (70 bytes)
Event: 8.338 Thread 0x0000020aa3395d60 nmethod 5182 0x0000020a99fe6d90 code [0x0000020a99fe6f80, 0x0000020a99fe7398]
Event: 8.338 Thread 0x0000020aa3395d60 5184       1       org.springframework.core.annotation.AnnotationTypeMapping::addConventionMappings (264 bytes)
Event: 8.338 Thread 0x0000020aa8c5d3c0 5185   !   1       jdk.proxy2.$Proxy12::annotation (29 bytes)
Event: 8.339 Thread 0x0000020aa8c5d3c0 nmethod 5185 0x0000020a99fe7610 code [0x0000020a99fe77e0, 0x0000020a99fe7a38]
Event: 8.339 Thread 0x0000020aa8c5d3c0 5186       1       org.springframework.core.annotation.AnnotationTypeMapping::addConventionAnnotationValues (113 bytes)
Event: 8.339 Thread 0x0000020aa3470a90 nmethod 5183 0x0000020a99fe7b90 code [0x0000020a99fe7d80, 0x0000020a99fe81b8]
Event: 8.339 Thread 0x0000020aa3470a90 5187       1       org.springframework.core.annotation.AnnotationTypeMapping::computeSynthesizableFlag (226 bytes)
Event: 8.339 Thread 0x0000020aa8c5d3c0 nmethod 5186 0x0000020a99fe8510 code [0x0000020a99fe86e0, 0x0000020a99fe8a28]
Event: 8.339 Thread 0x0000020aa8c5d3c0 5188       1       org.springframework.core.annotation.AnnotationTypeMappings::addMetaAnnotationsToQueue (134 bytes)
Event: 8.340 Thread 0x0000020aa3470a90 nmethod 5187 0x0000020a99fe8d10 code [0x0000020a99fe8f40, 0x0000020a99fe94d8]
Event: 8.340 Thread 0x0000020aa3470a90 5191       1       org.springframework.core.annotation.AnnotationTypeMapping::validateAllAliasesClaimed (97 bytes)
Event: 8.340 Thread 0x0000020aa8c5d3c0 nmethod 5188 0x0000020a99fe9990 code [0x0000020a99fe9ba0, 0x0000020a99fea158]
Event: 8.340 Thread 0x0000020aa8c5d3c0 5190       1       org.springframework.core.annotation.AnnotationTypeMapping::afterAllMappingsSet (45 bytes)
Event: 8.341 Thread 0x0000020aa8c5d3c0 nmethod 5190 0x0000020a99fea590 code [0x0000020a99fea740, 0x0000020a99fea8a8]
Event: 8.341 Thread 0x0000020aa8c5d3c0 5189       1       org.springframework.core.annotation.AnnotationTypeMappings$$Lambda$172/0x00000001001be808::accept (8 bytes)
Event: 8.341 Thread 0x0000020aa8c5d3c0 nmethod 5189 0x0000020a99feaa10 code [0x0000020a99feaba0, 0x0000020a99feacc8]
Event: 8.341 Thread 0x0000020aa3470a90 nmethod 5191 0x0000020a99fead90 code [0x0000020a99feb000, 0x0000020a99feb868]
Event: 8.343 Thread 0x0000020aa3395d60 nmethod 5184 0x0000020a99febd90 code [0x0000020a99fec1c0, 0x0000020a99fed6e8]

GC Heap History (20 events):
Event: 4.992 GC heap before
{Heap before GC invocations=15 (full 0):
 garbage-first heap   total 65536K, used 51344K [0x0000000081c00000, 0x0000000100000000)
  region size 1024K, 33 young (33792K), 1 survivors (1024K)
 Metaspace       used 42281K, committed 42816K, reserved 1114112K
  class space    used 5230K, committed 5504K, reserved 1048576K
}
Event: 5.002 GC heap after
{Heap after GC invocations=16 (full 0):
 garbage-first heap   total 65536K, used 19637K [0x0000000081c00000, 0x0000000100000000)
  region size 1024K, 2 young (2048K), 2 survivors (2048K)
 Metaspace       used 42281K, committed 42816K, reserved 1114112K
  class space    used 5230K, committed 5504K, reserved 1048576K
}
Event: 5.561 GC heap before
{Heap before GC invocations=16 (full 0):
 garbage-first heap   total 65536K, used 51381K [0x0000000081c00000, 0x0000000100000000)
  region size 1024K, 33 young (33792K), 2 survivors (2048K)
 Metaspace       used 47145K, committed 47616K, reserved 1114112K
  class space    used 5856K, committed 6080K, reserved 1048576K
}
Event: 5.567 GC heap after
{Heap after GC invocations=17 (full 0):
 garbage-first heap   total 65536K, used 20871K [0x0000000081c00000, 0x0000000100000000)
  region size 1024K, 3 young (3072K), 3 survivors (3072K)
 Metaspace       used 47145K, committed 47616K, reserved 1114112K
  class space    used 5856K, committed 6080K, reserved 1048576K
}
Event: 5.944 GC heap before
{Heap before GC invocations=17 (full 0):
 garbage-first heap   total 65536K, used 52615K [0x0000000081c00000, 0x0000000100000000)
  region size 1024K, 34 young (34816K), 3 survivors (3072K)
 Metaspace       used 49920K, committed 50368K, reserved 1114112K
  class space    used 6288K, committed 6528K, reserved 1048576K
}
Event: 5.951 GC heap after
{Heap after GC invocations=18 (full 0):
 garbage-first heap   total 131072K, used 21490K [0x0000000081c00000, 0x0000000100000000)
  region size 1024K, 2 young (2048K), 2 survivors (2048K)
 Metaspace       used 49920K, committed 50368K, reserved 1114112K
  class space    used 6288K, committed 6528K, reserved 1048576K
}
Event: 6.708 GC heap before
{Heap before GC invocations=18 (full 0):
 garbage-first heap   total 131072K, used 97266K [0x0000000081c00000, 0x0000000100000000)
  region size 1024K, 76 young (77824K), 2 survivors (2048K)
 Metaspace       used 56852K, committed 57280K, reserved 1114112K
  class space    used 7278K, committed 7488K, reserved 1048576K
}
Event: 6.715 GC heap after
{Heap after GC invocations=19 (full 0):
 garbage-first heap   total 131072K, used 22825K [0x0000000081c00000, 0x0000000100000000)
  region size 1024K, 4 young (4096K), 4 survivors (4096K)
 Metaspace       used 56852K, committed 57280K, reserved 1114112K
  class space    used 7278K, committed 7488K, reserved 1048576K
}
Event: 6.950 GC heap before
{Heap before GC invocations=19 (full 0):
 garbage-first heap   total 131072K, used 47401K [0x0000000081c00000, 0x0000000100000000)
  region size 1024K, 30 young (30720K), 4 survivors (4096K)
 Metaspace       used 59921K, committed 60416K, reserved 1114112K
  class space    used 7755K, committed 8000K, reserved 1048576K
}
Event: 6.957 GC heap after
{Heap after GC invocations=20 (full 0):
 garbage-first heap   total 131072K, used 23296K [0x0000000081c00000, 0x0000000100000000)
  region size 1024K, 4 young (4096K), 4 survivors (4096K)
 Metaspace       used 59921K, committed 60416K, reserved 1114112K
  class space    used 7755K, committed 8000K, reserved 1048576K
}
Event: 7.574 GC heap before
{Heap before GC invocations=21 (full 0):
 garbage-first heap   total 86016K, used 77568K [0x0000000081c00000, 0x0000000100000000)
  region size 1024K, 58 young (59392K), 4 survivors (4096K)
 Metaspace       used 65116K, committed 65664K, reserved 1114112K
  class space    used 8670K, committed 8896K, reserved 1048576K
}
Event: 7.582 GC heap after
{Heap after GC invocations=22 (full 0):
 garbage-first heap   total 86016K, used 24194K [0x0000000081c00000, 0x0000000100000000)
  region size 1024K, 5 young (5120K), 5 survivors (5120K)
 Metaspace       used 65116K, committed 65664K, reserved 1114112K
  class space    used 8670K, committed 8896K, reserved 1048576K
}
Event: 8.118 GC heap before
{Heap before GC invocations=23 (full 0):
 garbage-first heap   total 86016K, used 70274K [0x0000000081c00000, 0x0000000100000000)
  region size 1024K, 50 young (51200K), 5 survivors (5120K)
 Metaspace       used 69350K, committed 69824K, reserved 1114112K
  class space    used 9252K, committed 9472K, reserved 1048576K
}
Event: 8.134 GC heap after
{Heap after GC invocations=24 (full 0):
 garbage-first heap   total 86016K, used 25708K [0x0000000081c00000, 0x0000000100000000)
  region size 1024K, 5 young (5120K), 5 survivors (5120K)
 Metaspace       used 69350K, committed 69824K, reserved 1114112K
  class space    used 9252K, committed 9472K, reserved 1048576K
}
Event: 56.223 GC heap before
{Heap before GC invocations=24 (full 0):
 garbage-first heap   total 86016K, used 70764K [0x0000000081c00000, 0x0000000100000000)
  region size 1024K, 49 young (50176K), 5 survivors (5120K)
 Metaspace       used 72212K, committed 72704K, reserved 1114112K
  class space    used 9682K, committed 9920K, reserved 1048576K
}
Event: 56.234 GC heap after
{Heap after GC invocations=25 (full 0):
 garbage-first heap   total 86016K, used 28418K [0x0000000081c00000, 0x0000000100000000)
  region size 1024K, 6 young (6144K), 6 survivors (6144K)
 Metaspace       used 72212K, committed 72704K, reserved 1114112K
  class space    used 9682K, committed 9920K, reserved 1048576K
}
Event: 106.822 GC heap before
{Heap before GC invocations=25 (full 0):
 garbage-first heap   total 86016K, used 69378K [0x0000000081c00000, 0x0000000100000000)
  region size 1024K, 46 young (47104K), 6 survivors (6144K)
 Metaspace       used 77543K, committed 78144K, reserved 1179648K
  class space    used 10344K, committed 10624K, reserved 1048576K
}
Event: 106.833 GC heap after
{Heap after GC invocations=26 (full 0):
 garbage-first heap   total 86016K, used 30633K [0x0000000081c00000, 0x0000000100000000)
  region size 1024K, 5 young (5120K), 5 survivors (5120K)
 Metaspace       used 77543K, committed 78144K, reserved 1179648K
  class space    used 10344K, committed 10624K, reserved 1048576K
}
Event: 156.143 GC heap before
{Heap before GC invocations=26 (full 0):
 garbage-first heap   total 86016K, used 69545K [0x0000000081c00000, 0x0000000100000000)
  region size 1024K, 44 young (45056K), 5 survivors (5120K)
 Metaspace       used 81361K, committed 81984K, reserved 1179648K
  class space    used 10833K, committed 11136K, reserved 1048576K
}
Event: 156.153 GC heap after
{Heap after GC invocations=27 (full 0):
 garbage-first heap   total 86016K, used 31504K [0x0000000081c00000, 0x0000000100000000)
  region size 1024K, 4 young (4096K), 4 survivors (4096K)
 Metaspace       used 81361K, committed 81984K, reserved 1179648K
  class space    used 10833K, committed 11136K, reserved 1048576K
}

Dll operation events (12 events):
Event: 0.014 Loaded shared library D:\sts-4.22.0.RELEASE\plugins\org.eclipse.justj.openjdk.hotspot.jre.full.win32.x86_64_17.0.10.v20240120-1143\jre\bin\java.dll
Event: 0.498 Loaded shared library D:\sts-4.22.0.RELEASE\plugins\org.eclipse.justj.openjdk.hotspot.jre.full.win32.x86_64_17.0.10.v20240120-1143\jre\bin\zip.dll
Event: 0.504 Loaded shared library D:\sts-4.22.0.RELEASE\plugins\org.eclipse.justj.openjdk.hotspot.jre.full.win32.x86_64_17.0.10.v20240120-1143\jre\bin\instrument.dll
Event: 0.537 Loaded shared library D:\sts-4.22.0.RELEASE\plugins\org.eclipse.justj.openjdk.hotspot.jre.full.win32.x86_64_17.0.10.v20240120-1143\jre\bin\net.dll
Event: 0.538 Loaded shared library D:\sts-4.22.0.RELEASE\plugins\org.eclipse.justj.openjdk.hotspot.jre.full.win32.x86_64_17.0.10.v20240120-1143\jre\bin\nio.dll
Event: 0.549 Loaded shared library D:\sts-4.22.0.RELEASE\plugins\org.eclipse.justj.openjdk.hotspot.jre.full.win32.x86_64_17.0.10.v20240120-1143\jre\bin\zip.dll
Event: 0.729 Loaded shared library D:\sts-4.22.0.RELEASE\plugins\org.eclipse.justj.openjdk.hotspot.jre.full.win32.x86_64_17.0.10.v20240120-1143\jre\bin\jimage.dll
Event: 0.800 Loaded shared library D:\sts-4.22.0.RELEASE\plugins\org.eclipse.justj.openjdk.hotspot.jre.full.win32.x86_64_17.0.10.v20240120-1143\jre\bin\management.dll
Event: 0.813 Loaded shared library D:\sts-4.22.0.RELEASE\plugins\org.eclipse.justj.openjdk.hotspot.jre.full.win32.x86_64_17.0.10.v20240120-1143\jre\bin\management_ext.dll
Event: 1.086 Loaded shared library D:\sts-4.22.0.RELEASE\plugins\org.eclipse.justj.openjdk.hotspot.jre.full.win32.x86_64_17.0.10.v20240120-1143\jre\bin\extnet.dll
Event: 1.113 Loaded shared library D:\sts-4.22.0.RELEASE\plugins\org.eclipse.justj.openjdk.hotspot.jre.full.win32.x86_64_17.0.10.v20240120-1143\jre\bin\verify.dll
Event: 2.608 Loaded shared library D:\sts-4.22.0.RELEASE\plugins\org.eclipse.justj.openjdk.hotspot.jre.full.win32.x86_64_17.0.10.v20240120-1143\jre\bin\sunmscapi.dll

Deoptimization events (20 events):
Event: 8.646 Thread 0x0000020aa346bf80 DEOPT PACKING pc=0x0000020a99ebe334 sp=0x000000c214bfe6e0
Event: 8.646 Thread 0x0000020aa346bf80 DEOPT UNPACKING pc=0x0000020a99547143 sp=0x000000c214bfdc20 mode 0
Event: 8.646 Thread 0x0000020aa346bf80 DEOPT PACKING pc=0x0000020a99ebd584 sp=0x000000c214bfe800
Event: 8.646 Thread 0x0000020aa346bf80 DEOPT UNPACKING pc=0x0000020a99547143 sp=0x000000c214bfdd48 mode 0
Event: 8.647 Thread 0x0000020aa346bf80 DEOPT PACKING pc=0x0000020a99ebc804 sp=0x000000c214bfe920
Event: 8.647 Thread 0x0000020aa346bf80 DEOPT UNPACKING pc=0x0000020a99547143 sp=0x000000c214bfddc8 mode 0
Event: 8.647 Thread 0x0000020aa346bf80 DEOPT PACKING pc=0x0000020a99ebcb8c sp=0x000000c214bfe980
Event: 8.647 Thread 0x0000020aa346bf80 DEOPT UNPACKING pc=0x0000020a99547143 sp=0x000000c214bfde48 mode 0
Event: 8.647 Thread 0x0000020aa346bf80 DEOPT PACKING pc=0x0000020a998862e4 sp=0x000000c214bfea80
Event: 8.647 Thread 0x0000020aa346bf80 DEOPT UNPACKING pc=0x0000020a99547143 sp=0x000000c214bfdf68 mode 0
Event: 9.629 Thread 0x0000020aa8b22ab0 DEOPT PACKING pc=0x0000020a999d101c sp=0x000000c214efee90
Event: 9.629 Thread 0x0000020aa8b22ab0 DEOPT UNPACKING pc=0x0000020a99547143 sp=0x000000c214efe370 mode 0
Event: 31.533 Thread 0x0000020aa346dde0 DEOPT PACKING pc=0x0000020a998862e4 sp=0x000000c214afeac0
Event: 31.533 Thread 0x0000020aa346dde0 DEOPT UNPACKING pc=0x0000020a99547143 sp=0x000000c214afdfa8 mode 0
Event: 31.542 Thread 0x0000020aa346dde0 DEOPT PACKING pc=0x0000020a997e3a94 sp=0x000000c214afee20
Event: 31.542 Thread 0x0000020aa346dde0 DEOPT UNPACKING pc=0x0000020a99547143 sp=0x000000c214afe2d0 mode 0
Event: 56.235 Thread 0x0000020aa346e2f0 DEOPT PACKING pc=0x0000020a999d101c sp=0x000000c213cfeea0
Event: 56.235 Thread 0x0000020aa346e2f0 DEOPT UNPACKING pc=0x0000020a99547143 sp=0x000000c213cfe380 mode 0
Event: 136.914 Thread 0x0000020aa346bf80 DEOPT PACKING pc=0x0000020a997e3a94 sp=0x000000c214bfede0
Event: 136.914 Thread 0x0000020aa346bf80 DEOPT UNPACKING pc=0x0000020a99547143 sp=0x000000c214bfe290 mode 0

Classes unloaded (0 events):
No events

Classes redefined (1 events):
Event: 249.274 Thread 0x0000020aa340a160 redefined class name=com.piyush004.SportsApi.dto.RequestDto$LoginRequest, count=1

Internal exceptions (20 events):
Event: 8.012 Thread 0x0000020a95e33b30 Exception <a 'java/lang/NoSuchMethodError'{0x0000000084bd1110}: 'int java.lang.invoke.DirectMethodHandle$Holder.invokeStatic(java.lang.Object, java.lang.Object, int)'> (0x0000000084bd1110) 
thrown [s\src\hotspot\share\interpreter\linkResolver.cpp, line 759]
Event: 8.020 Thread 0x0000020a95e33b30 Exception <a 'java/lang/IncompatibleClassChangeError'{0x0000000084a6a4f0}: Found class java.lang.Object, but interface was expected> (0x0000000084a6a4f0) 
thrown [s\src\hotspot\share\interpreter\linkResolver.cpp, line 826]
Event: 8.077 Thread 0x0000020a95e33b30 Exception <a 'java/lang/NoSuchMethodError'{0x00000000845682c8}: 'java.lang.Object java.lang.invoke.DirectMethodHandle$Holder.invokeStatic(java.lang.Object, int, java.lang.Object)'> (0x00000000845682c8) 
thrown [s\src\hotspot\share\interpreter\linkResolver.cpp, line 759]
Event: 8.137 Thread 0x0000020aa346bf80 Exception <a 'java/lang/reflect/InvocationTargetException'{0x0000000089b874c8}> (0x0000000089b874c8) 
thrown [s\src\hotspot\share\runtime\reflection.cpp, line 1121]
Event: 8.156 Thread 0x0000020a95e33b30 Exception <a 'java/lang/NoSuchMethodError'{0x0000000089ab99f8}: 'long java.lang.invoke.DirectMethodHandle$Holder.invokeVirtual(java.lang.Object, java.lang.Object)'> (0x0000000089ab99f8) 
thrown [s\src\hotspot\share\interpreter\linkResolver.cpp, line 759]
Event: 8.668 Thread 0x0000020aa346bf80 Exception <a 'java/lang/reflect/InvocationTargetException'{0x00000000866016a0}> (0x00000000866016a0) 
thrown [s\src\hotspot\share\runtime\reflection.cpp, line 1121]
Event: 9.884 Thread 0x0000020aa346bf80 Exception <a 'java/lang/reflect/InvocationTargetException'{0x0000000086523410}> (0x0000000086523410) 
thrown [s\src\hotspot\share\runtime\reflection.cpp, line 1121]
Event: 42.667 Thread 0x0000020a95e33b30 Exception <a 'sun/nio/fs/WindowsException'{0x0000000084d697b8}> (0x0000000084d697b8) 
thrown [s\src\hotspot\share\prims\jni.cpp, line 516]
Event: 50.683 Thread 0x0000020a95e33b30 Exception <a 'java/lang/IncompatibleClassChangeError'{0x00000000848cfb68}: Found class java.lang.Object, but interface was expected> (0x00000000848cfb68) 
thrown [s\src\hotspot\share\interpreter\linkResolver.cpp, line 826]
Event: 66.640 Thread 0x0000020a95e33b30 Exception <a 'java/lang/NoSuchMethodError'{0x0000000086981e10}: 'void java.lang.invoke.DirectMethodHandle$Holder.invokeVirtual(java.lang.Object, java.lang.Object, long)'> (0x0000000086981e10) 
thrown [s\src\hotspot\share\interpreter\linkResolver.cpp, line 759]
Event: 69.527 Thread 0x0000020a95e33b30 Exception <a 'java/lang/NoSuchMethodError'{0x00000000868f96e0}: 'java.lang.Object java.lang.invoke.DirectMethodHandle$Holder.invokeSpecial(java.lang.Object, java.lang.Object, int, int, int, int)'> (0x00000000868f96e0) 
thrown [s\src\hotspot\share\interpreter\linkResolver.cpp, line 759]
Event: 83.080 Thread 0x0000020a95e33b30 Exception <a 'java/lang/IncompatibleClassChangeError'{0x0000000085ee5c38}: Found class java.lang.Object, but interface was expected> (0x0000000085ee5c38) 
thrown [s\src\hotspot\share\interpreter\linkResolver.cpp, line 826]
Event: 92.389 Thread 0x0000020a95e33b30 Exception <a 'java/lang/ClassNotFoundException'{0x00000000856979b8}: com/sun/org/apache/xerces/internal/impl/xpath/regex/spi/messageProvider> (0x00000000856979b8) 
thrown [s\src\hotspot\share\classfile\systemDictionary.cpp, line 256]
Event: 104.434 Thread 0x0000020a95e33b30 Exception <a 'java/lang/NoSuchMethodError'{0x0000000084a0eca0}: 'java.lang.Object java.lang.invoke.DirectMethodHandle$Holder.newInvokeSpecial(java.lang.Object, java.lang.Object, int, java.lang.Object, java.lang.Object)'> (0x0000000084a0eca0) 
thrown [s\src\hotspot\share\interpreter\linkResolver.cpp, line 759]
Event: 114.937 Thread 0x0000020aa8b23ef0 Exception <a 'java/lang/NoSuchMethodError'{0x0000000086962eb0}: 'java.lang.Object java.lang.invoke.DirectMethodHandle$Holder.invokeSpecial(java.lang.Object, java.lang.Object, java.lang.Object, java.lang.Object, java.lang.Object, long)'> (0x0000000086962eb0) 
thrown [s\src\hotspot\share\interpreter\linkResolver.cpp, line 759]
Event: 114.951 Thread 0x0000020aa8b23ef0 Exception <a 'java/lang/NoSuchMethodError'{0x00000000869668f0}: 'java.lang.Object java.lang.invoke.Invokers$Holder.linkToTargetMethod(java.lang.Object, java.lang.Object, java.lang.Object, long, java.lang.Object)'> (0x00000000869668f0) 
thrown [s\src\hotspot\share\interpreter\linkResolver.cpp, line 759]
Event: 159.946 Thread 0x0000020aa8b25330 Exception <a 'java/lang/NoSuchMethodError'{0x000000008668bfe0}: 'void java.lang.invoke.DirectMethodHandle$Holder.invokeSpecialIFC(java.lang.Object, java.lang.Object, int, java.lang.Object, java.lang.Object, java.lang.Object, java.lang.Object)'> (0x000000008668bfe0) 
thrown [s\src\hotspot\share\interpreter\linkResolver.cpp, line 759]
Event: 164.318 Thread 0x0000020aa8b25330 Exception <a 'java/lang/NoSuchMethodError'{0x0000000085fc4230}: 'java.lang.Object java.lang.invoke.DelegatingMethodHandle$Holder.reinvoke_L(java.lang.Object, java.lang.Object, long, int, java.lang.Object, java.lang.Object, java.lang.Object, java.lang.Object, java.lang.Object, java.lang.Object, java.lang.Object, java.lang.Object, java.lang.Object, java.lang.Object, java.lang.Object, java.lang.Object, java.lang.Object)'> (0x0000000085fc4230) 
thrown [s\src\hotspot\share\interpreter\linkResolver.cpp, line 759
Event: 164.704 Thread 0x0000020aa8b25330 Exception <a 'java/lang/NoSuchMethodError'{0x0000000085e0d408}: 'java.lang.Object java.lang.invoke.DirectMethodHandle$Holder.invokeSpecial(java.lang.Object, java.lang.Object, long, int, java.lang.Object, java.lang.Object, java.lang.Object, java.lang.Object, java.lang.Object, java.lang.Object, java.lang.Object, java.lang.Object, java.lang.Object, java.lang.Object, java.lang.Object, java.lang.Object, java.lang.Object)'> (0x0000000085e0d408) 
thrown [s\src\hotspot\share\interpreter\linkResolver.cpp, line 759]
Event: 164.726 Thread 0x0000020aa8b25330 Exception <a 'java/lang/NoSuchMethodError'{0x0000000085e129f0}: 'java.lang.Object java.lang.invoke.DelegatingMethodHandle$Holder.reinvoke_L(java.lang.Object, long, int, java.lang.Object, java.lang.Object, java.lang.Object, java.lang.Object, java.lang.Object, java.lang.Object, java.lang.Object, java.lang.Object, java.lang.Object, java.lang.Object, java.lang.Object, java.lang.Object, java.lang.Object)'> (0x0000000085e129f0) 
thrown [s\src\hotspot\share\interpreter\linkResolver.cpp, line 759]

VM Operations (20 events):
Event: 146.327 Executing VM operation: ChangeSingleStep
Event: 146.327 Executing VM operation: ChangeSingleStep done
Event: 146.327 Executing VM operation: ChangeSingleStep
Event: 146.327 Executing VM operation: ChangeSingleStep done
Event: 146.329 Executing VM operation: ChangeSingleStep
Event: 146.329 Executing VM operation: ChangeSingleStep done
Event: 146.330 Executing VM operation: get/set locals
Event: 146.330 Executing VM operation: get/set locals done
Event: 146.332 Executing VM operation: ChangeSingleStep
Event: 146.332 Executing VM operation: ChangeSingleStep done
Event: 146.352 Executing VM operation: get/set locals
Event: 146.352 Executing VM operation: get/set locals done
Event: 156.143 Executing VM operation: G1CollectForAllocation
Event: 156.153 Executing VM operation: G1CollectForAllocation done
Event: 162.568 Executing VM operation: HandshakeAllThreads
Event: 162.569 Executing VM operation: HandshakeAllThreads done
Event: 180.509 Executing VM operation: HandshakeAllThreads
Event: 180.509 Executing VM operation: HandshakeAllThreads done
Event: 249.265 Executing VM operation: RedefineClasses
Event: 249.300 Executing VM operation: RedefineClasses done

Events (20 events):
Event: 115.122 loading class sun/nio/cs/ThreadLocalCoders$Cache done
Event: 115.122 loading class sun/nio/cs/ThreadLocalCoders$1 done
Event: 115.122 loading class sun/nio/cs/ThreadLocalCoders$2
Event: 115.123 loading class sun/nio/cs/ThreadLocalCoders$2 done
Event: 121.669 loading class java/time/format/DateTimeFormatterBuilder$ZoneTextPrinterParser
Event: 121.669 loading class java/time/format/DateTimeFormatterBuilder$ZoneTextPrinterParser done
Event: 121.670 loading class java/time/format/DateTimeFormatterBuilder$ReducedPrinterParser
Event: 121.670 loading class java/time/format/DateTimeFormatterBuilder$ReducedPrinterParser done
Event: 121.815 loading class java/io/PushbackInputStream
Event: 121.815 loading class java/io/PushbackInputStream done
Event: 121.841 loading class java/util/OptionalLong
Event: 121.842 loading class java/util/OptionalLong done
Event: 121.842 loading class java/util/OptionalDouble
Event: 121.843 loading class java/util/OptionalDouble done
Event: 132.477 loading class jdk/internal/loader/BootLoader$PackageHelper
Event: 132.478 loading class jdk/internal/loader/BootLoader$PackageHelper done
Event: 163.081 loading class java/util/stream/LongStream
Event: 163.082 loading class java/util/stream/LongStream done
Event: 163.082 loading class java/util/stream/DoubleStream
Event: 163.082 loading class java/util/stream/DoubleStream done


Dynamic libraries:
0x00007ff795a30000 - 0x00007ff795a3e000 	D:\sts-4.22.0.RELEASE\plugins\org.eclipse.justj.openjdk.hotspot.jre.full.win32.x86_64_17.0.10.v20240120-1143\jre\bin\javaw.exe
0x00007ffb2f990000 - 0x00007ffb2fb88000 	C:\WINDOWS\SYSTEM32\ntdll.dll
0x00007ffb2f640000 - 0x00007ffb2f701000 	C:\WINDOWS\System32\KERNEL32.DLL
0x00007ffb2d5f0000 - 0x00007ffb2d8ed000 	C:\WINDOWS\System32\KERNELBASE.dll
0x00007ffb2d220000 - 0x00007ffb2d320000 	C:\WINDOWS\System32\ucrtbase.dll
0x00007ffb125d0000 - 0x00007ffb125e7000 	D:\sts-4.22.0.RELEASE\plugins\org.eclipse.justj.openjdk.hotspot.jre.full.win32.x86_64_17.0.10.v20240120-1143\jre\bin\jli.dll
0x00007ffb2f2f0000 - 0x00007ffb2f48d000 	C:\WINDOWS\System32\USER32.dll
0x00007ffb2d040000 - 0x00007ffb2d062000 	C:\WINDOWS\System32\win32u.dll
0x00007ffb2dbd0000 - 0x00007ffb2dbfb000 	C:\WINDOWS\System32\GDI32.dll
0x00007ffb2d100000 - 0x00007ffb2d217000 	C:\WINDOWS\System32\gdi32full.dll
0x00007ffb2d8f0000 - 0x00007ffb2d98d000 	C:\WINDOWS\System32\msvcp_win.dll
0x00007ffb27790000 - 0x00007ffb277ab000 	D:\sts-4.22.0.RELEASE\plugins\org.eclipse.justj.openjdk.hotspot.jre.full.win32.x86_64_17.0.10.v20240120-1143\jre\bin\VCRUNTIME140.dll
0x00007ffb1a0e0000 - 0x00007ffb1a37a000 	C:\WINDOWS\WinSxS\amd64_microsoft.windows.common-controls_6595b64144ccf1df_6.0.19041.4355_none_60b8b9eb71f62e16\COMCTL32.dll
0x00007ffb2e370000 - 0x00007ffb2e40e000 	C:\WINDOWS\System32\msvcrt.dll
0x00007ffb2e850000 - 0x00007ffb2e87f000 	C:\WINDOWS\System32\IMM32.DLL
0x00007ffb28690000 - 0x00007ffb2869c000 	D:\sts-4.22.0.RELEASE\plugins\org.eclipse.justj.openjdk.hotspot.jre.full.win32.x86_64_17.0.10.v20240120-1143\jre\bin\vcruntime140_1.dll
0x00007ffb14c20000 - 0x00007ffb14cad000 	D:\sts-4.22.0.RELEASE\plugins\org.eclipse.justj.openjdk.hotspot.jre.full.win32.x86_64_17.0.10.v20240120-1143\jre\bin\msvcp140.dll
0x00007ffae4cf0000 - 0x00007ffae5952000 	D:\sts-4.22.0.RELEASE\plugins\org.eclipse.justj.openjdk.hotspot.jre.full.win32.x86_64_17.0.10.v20240120-1143\jre\bin\server\jvm.dll
0x00007ffb2ef20000 - 0x00007ffb2efd0000 	C:\WINDOWS\System32\ADVAPI32.dll
0x00007ffb2e890000 - 0x00007ffb2e930000 	C:\WINDOWS\System32\sechost.dll
0x00007ffb2f490000 - 0x00007ffb2f5b3000 	C:\WINDOWS\System32\RPCRT4.dll
0x00007ffb2d990000 - 0x00007ffb2d9b7000 	C:\WINDOWS\System32\bcrypt.dll
0x00007ffb2c5c0000 - 0x00007ffb2c60b000 	C:\WINDOWS\SYSTEM32\POWRPROF.dll
0x00007ffb13ea0000 - 0x00007ffb13ea9000 	C:\WINDOWS\SYSTEM32\WSOCK32.dll
0x00007ffb2eeb0000 - 0x00007ffb2ef1b000 	C:\WINDOWS\System32\WS2_32.dll
0x00007ffb20240000 - 0x00007ffb20267000 	C:\WINDOWS\SYSTEM32\WINMM.dll
0x00007ffb23ef0000 - 0x00007ffb23efa000 	C:\WINDOWS\SYSTEM32\VERSION.dll
0x00007ffb2c430000 - 0x00007ffb2c442000 	C:\WINDOWS\SYSTEM32\UMPDC.dll
0x00007ffb2b850000 - 0x00007ffb2b862000 	C:\WINDOWS\SYSTEM32\kernel.appcore.dll
0x00007ffb14e60000 - 0x00007ffb14e6a000 	D:\sts-4.22.0.RELEASE\plugins\org.eclipse.justj.openjdk.hotspot.jre.full.win32.x86_64_17.0.10.v20240120-1143\jre\bin\jimage.dll
0x00007ffb2b640000 - 0x00007ffb2b824000 	C:\WINDOWS\SYSTEM32\DBGHELP.DLL
0x00007ffb24870000 - 0x00007ffb248a4000 	C:\WINDOWS\SYSTEM32\dbgcore.DLL
0x00007ffb2d070000 - 0x00007ffb2d0f2000 	C:\WINDOWS\System32\bcryptPrimitives.dll
0x00007ffb151f0000 - 0x00007ffb1522b000 	D:\sts-4.22.0.RELEASE\plugins\org.eclipse.justj.openjdk.hotspot.jre.full.win32.x86_64_17.0.10.v20240120-1143\jre\bin\jdwp.dll
0x00007ffb14b70000 - 0x00007ffb14b7e000 	D:\sts-4.22.0.RELEASE\plugins\org.eclipse.justj.openjdk.hotspot.jre.full.win32.x86_64_17.0.10.v20240120-1143\jre\bin\instrument.dll
0x00007ffb10c70000 - 0x00007ffb10c95000 	D:\sts-4.22.0.RELEASE\plugins\org.eclipse.justj.openjdk.hotspot.jre.full.win32.x86_64_17.0.10.v20240120-1143\jre\bin\java.dll
0x00007ffb10230000 - 0x00007ffb10248000 	D:\sts-4.22.0.RELEASE\plugins\org.eclipse.justj.openjdk.hotspot.jre.full.win32.x86_64_17.0.10.v20240120-1143\jre\bin\zip.dll
0x00007ffb2dc00000 - 0x00007ffb2e36f000 	C:\WINDOWS\System32\SHELL32.dll
0x00007ffb2ad60000 - 0x00007ffb2b4ff000 	C:\WINDOWS\SYSTEM32\windows.storage.dll
0x00007ffb2e410000 - 0x00007ffb2e763000 	C:\WINDOWS\System32\combase.dll
0x00007ffb2ca60000 - 0x00007ffb2ca8e000 	C:\WINDOWS\SYSTEM32\Wldp.dll
0x00007ffb2f220000 - 0x00007ffb2f2ed000 	C:\WINDOWS\System32\OLEAUT32.dll
0x00007ffb2ee00000 - 0x00007ffb2eead000 	C:\WINDOWS\System32\SHCORE.dll
0x00007ffb2f5e0000 - 0x00007ffb2f635000 	C:\WINDOWS\System32\shlwapi.dll
0x00007ffb2cf70000 - 0x00007ffb2cf94000 	C:\WINDOWS\SYSTEM32\profapi.dll
0x00007ffb26fa0000 - 0x00007ffb26fac000 	D:\sts-4.22.0.RELEASE\plugins\org.eclipse.justj.openjdk.hotspot.jre.full.win32.x86_64_17.0.10.v20240120-1143\jre\bin\dt_socket.dll
0x00007ffb2c450000 - 0x00007ffb2c48b000 	C:\WINDOWS\SYSTEM32\IPHLPAPI.DLL
0x00007ffb2c7c0000 - 0x00007ffb2c82a000 	C:\WINDOWS\system32\mswsock.dll
0x00007ffb2c4a0000 - 0x00007ffb2c56a000 	C:\WINDOWS\SYSTEM32\DNSAPI.dll
0x00007ffb2e880000 - 0x00007ffb2e888000 	C:\WINDOWS\System32\NSI.dll
0x00007ffb25490000 - 0x00007ffb2549a000 	C:\Windows\System32\rasadhlp.dll
0x00007ffb22590000 - 0x00007ffb22610000 	C:\WINDOWS\System32\fwpuclnt.dll
0x00007ffb0d480000 - 0x00007ffb0d499000 	D:\sts-4.22.0.RELEASE\plugins\org.eclipse.justj.openjdk.hotspot.jre.full.win32.x86_64_17.0.10.v20240120-1143\jre\bin\net.dll
0x00007ffb24180000 - 0x00007ffb2428d000 	C:\WINDOWS\SYSTEM32\WINHTTP.dll
0x00007ffb0d140000 - 0x00007ffb0d156000 	D:\sts-4.22.0.RELEASE\plugins\org.eclipse.justj.openjdk.hotspot.jre.full.win32.x86_64_17.0.10.v20240120-1143\jre\bin\nio.dll
0x00007ffb27060000 - 0x00007ffb27069000 	D:\sts-4.22.0.RELEASE\plugins\org.eclipse.justj.openjdk.hotspot.jre.full.win32.x86_64_17.0.10.v20240120-1143\jre\bin\management.dll
0x00007ffb26420000 - 0x00007ffb2642b000 	D:\sts-4.22.0.RELEASE\plugins\org.eclipse.justj.openjdk.hotspot.jre.full.win32.x86_64_17.0.10.v20240120-1143\jre\bin\management_ext.dll
0x00007ffb2f7a0000 - 0x00007ffb2f7a8000 	C:\WINDOWS\System32\PSAPI.DLL
0x00007ffb0dcc0000 - 0x00007ffb0dcd7000 	C:\WINDOWS\system32\napinsp.dll
0x00007ffb10200000 - 0x00007ffb1021b000 	C:\WINDOWS\system32\pnrpnsp.dll
0x00007ffb29640000 - 0x00007ffb29655000 	C:\WINDOWS\system32\wshbth.dll
0x00007ffb25cd0000 - 0x00007ffb25ced000 	C:\WINDOWS\system32\NLAapi.dll
0x00007ffb101e0000 - 0x00007ffb101f2000 	C:\WINDOWS\System32\winrnr.dll
0x00007ffb2c9b0000 - 0x00007ffb2c9c8000 	C:\WINDOWS\SYSTEM32\CRYPTSP.dll
0x00007ffb2c070000 - 0x00007ffb2c0a4000 	C:\WINDOWS\system32\rsaenh.dll
0x00007ffb2cee0000 - 0x00007ffb2cf0e000 	C:\WINDOWS\SYSTEM32\USERENV.dll
0x00007ffb2c9d0000 - 0x00007ffb2c9dc000 	C:\WINDOWS\SYSTEM32\CRYPTBASE.dll
0x00007ffb247a0000 - 0x00007ffb247b7000 	C:\WINDOWS\SYSTEM32\dhcpcsvc6.DLL
0x00007ffb24b30000 - 0x00007ffb24b4d000 	C:\WINDOWS\SYSTEM32\dhcpcsvc.DLL
0x00007ffb286b0000 - 0x00007ffb286b9000 	D:\sts-4.22.0.RELEASE\plugins\org.eclipse.justj.openjdk.hotspot.jre.full.win32.x86_64_17.0.10.v20240120-1143\jre\bin\extnet.dll
0x00007ffb12500000 - 0x00007ffb12510000 	D:\sts-4.22.0.RELEASE\plugins\org.eclipse.justj.openjdk.hotspot.jre.full.win32.x86_64_17.0.10.v20240120-1143\jre\bin\verify.dll
0x00007ffb28700000 - 0x00007ffb2870e000 	D:\sts-4.22.0.RELEASE\plugins\org.eclipse.justj.openjdk.hotspot.jre.full.win32.x86_64_17.0.10.v20240120-1143\jre\bin\sunmscapi.dll
0x00007ffb2d320000 - 0x00007ffb2d47e000 	C:\WINDOWS\System32\CRYPT32.dll
0x00007ffb2cad0000 - 0x00007ffb2caf9000 	C:\WINDOWS\SYSTEM32\ncrypt.dll
0x00007ffb2ca90000 - 0x00007ffb2cacb000 	C:\WINDOWS\SYSTEM32\NTASN1.dll
0x00007ffb0c5c0000 - 0x00007ffb0c5c7000 	C:\WINDOWS\system32\wshunix.dll

dbghelp: loaded successfully - version: 4.0.5 - missing functions: none
symbol engine: initialized successfully - sym options: 0x614 - pdb path: .;D:\sts-4.22.0.RELEASE\plugins\org.eclipse.justj.openjdk.hotspot.jre.full.win32.x86_64_17.0.10.v20240120-1143\jre\bin;C:\WINDOWS\SYSTEM32;C:\WINDOWS\WinSxS\amd64_microsoft.windows.common-controls_6595b64144ccf1df_6.0.19041.4355_none_60b8b9eb71f62e16;D:\sts-4.22.0.RELEASE\plugins\org.eclipse.justj.openjdk.hotspot.jre.full.win32.x86_64_17.0.10.v20240120-1143\jre\bin\server

VM Arguments:
jvm_args: -XX:+ShowCodeDetailsInExceptionMessages -agentlib:jdwp=transport=dt_socket,suspend=y,address=localhost:50456 -Dcom.sun.management.jmxremote -Dcom.sun.management.jmxremote.port=50455 -Dcom.sun.management.jmxremote.authenticate=false -Dcom.sun.management.jmxremote.ssl=false -Djava.rmi.server.hostname=localhost -Dspring.jmx.enabled=true -Dmanagement.endpoints.jmx.exposure.include=* -Dspring.application.admin.enabled=true -XX:TieredStopAtLevel=1 -Dspring.boot.project.name=SportsApi -javaagent:D:\sts-4.22.0.RELEASE\configuration\org.eclipse.osgi\266\0\.cp\lib\javaagent-shaded.jar -Dfile.encoding=UTF-8 -Dstdout.encoding=UTF-8 -Dstderr.encoding=UTF-8 
java_command: com.piyush004.SportsApi.SportsApiApplication --spring.output.ansi.enabled=always
java_class_path (initial): C:\Users\Lenovo\Documents\Sports-Project\SportsApi\target\classes;C:\Users\Lenovo\.m2\repository\org\springframework\boot\spring-boot-starter-data-jpa\3.2.8\spring-boot-starter-data-jpa-3.2.8.jar;C:\Users\Lenovo\.m2\repository\org\springframework\boot\spring-boot-starter-aop\3.2.8\spring-boot-starter-aop-3.2.8.jar;C:\Users\Lenovo\.m2\repository\org\aspectj\aspectjweaver\1.9.22.1\aspectjweaver-1.9.22.1.jar;C:\Users\Lenovo\.m2\repository\org\springframework\boot\spring-boot-starter-jdbc\3.2.8\spring-boot-starter-jdbc-3.2.8.jar;C:\Users\Lenovo\.m2\repository\com\zaxxer\HikariCP\5.0.1\HikariCP-5.0.1.jar;C:\Users\Lenovo\.m2\repository\org\hibernate\orm\hibernate-core\6.4.9.Final\hibernate-core-6.4.9.Final.jar;C:\Users\Lenovo\.m2\repository\jakarta\persistence\jakarta.persistence-api\3.1.0\jakarta.persistence-api-3.1.0.jar;C:\Users\Lenovo\.m2\repository\jakarta\transaction\jakarta.transaction-api\2.0.1\jakarta.transaction-api-2.0.1.jar;C:\Users\Lenovo\.m2\repository\org\jboss\logging\jboss-logging\3.5.3.Final\jboss-logging-3.5.3.Final.jar;C:\Users\Lenovo\.m2\repository\org\hibernate\common\hibernate-commons-annotations\6.0.6.Final\hibernate-commons-annotations-6.0.6.Final.jar;C:\Users\Lenovo\.m2\repository\io\smallrye\jandex\3.1.2\jandex-3.1.2.jar;C:\Users\Lenovo\.m2\repository\com\fasterxml\classmate\1.6.0\classmate-1.6.0.jar;C:\Users\Lenovo\.m2\repository\net\bytebuddy\byte-buddy\1.14.18\byte-buddy-1.14.18.jar;C:\Users\Lenovo\.m2\repository\org\glassfish\jaxb\jaxb-runtime\4.0.5\jaxb-runtime-4.0.5.jar;C:\Users\Lenovo\.m2\repository\org\glassfish\jaxb\jaxb-core\4.0.5\jaxb-core-4.0.5.jar;C:\Users\Lenovo\.m2\repository\org\eclipse\angus\angus-activation\2.0.2\angus-activation-2.0.2.jar;C:\Users\Lenovo\.m2\repository\org\glassfish\jaxb\txw2\4.0.5\txw2-4.0.5.jar;C:\Users\Lenovo\.m2\repository\com\sun\istack\istack-commons-runtime\4.1.2\istack-commons-runtime-4.1.2.jar;C:\Users\Lenovo\.m2\repository\jakarta\inject\jakarta.inject-api\2.0.1\jakarta.i
Launcher Type: SUN_STANDARD

[Global flags]
     intx CICompilerCount                          = 3                                         {product} {ergonomic}
     uint ConcGCThreads                            = 1                                         {product} {ergonomic}
     uint G1ConcRefinementThreads                  = 4                                         {product} {ergonomic}
   size_t G1HeapRegionSize                         = 1048576                                   {product} {ergonomic}
    uintx GCDrainStackTargetSize                   = 64                                        {product} {ergonomic}
   size_t InitialHeapSize                          = 134217728                                 {product} {ergonomic}
     bool ManagementServer                         = true                                      {product} {command line}
   size_t MarkStackSize                            = 4194304                                   {product} {ergonomic}
   size_t MaxHeapSize                              = 2118123520                                {product} {ergonomic}
   size_t MaxNewSize                               = 1270874112                                {product} {ergonomic}
   size_t MinHeapDeltaBytes                        = 1048576                                   {product} {ergonomic}
   size_t MinHeapSize                              = 8388608                                   {product} {ergonomic}
    uintx NonProfiledCodeHeapSize                  = 0                                      {pd product} {ergonomic}
     bool ProfileInterpreter                       = false                                  {pd product} {command line}
    uintx ProfiledCodeHeapSize                     = 0                                      {pd product} {ergonomic}
     bool ShowCodeDetailsInExceptionMessages       = true                                   {manageable} {command line}
   size_t SoftMaxHeapSize                          = 2118123520                             {manageable} {ergonomic}
     intx TieredStopAtLevel                        = 1                                         {product} {command line}
     bool UseCompressedClassPointers               = true                           {product lp64_product} {ergonomic}
     bool UseCompressedOops                        = true                           {product lp64_product} {ergonomic}
     bool UseG1GC                                  = true                                      {product} {ergonomic}
     bool UseLargePagesIndividualAllocation        = false                                  {pd product} {ergonomic}

Logging:
Log output configuration:
 #0: stdout all=warning uptime,level,tags
 #1: stderr all=off uptime,level,tags

Environment Variables:
CLASSPATH=E:\SQL Path
PATH=D:\sts-4.22.0.RELEASE\plugins\org.eclipse.justj.openjdk.hotspot.jre.full.win32.x86_64_17.0.10.v20240120-1143\jre\bin;D:/sts-4.22.0.RELEASE//plugins/org.eclipse.justj.openjdk.hotspot.jre.full.win32.x86_64_17.0.10.v20240120-1143/jre/bin/server;D:/sts-4.22.0.RELEASE//plugins/org.eclipse.justj.openjdk.hotspot.jre.full.win32.x86_64_17.0.10.v20240120-1143/jre/bin;C:\Program Files\Common Files\Oracle\Java\javapath;C:\oraclexe\app\oracle\product\11.2.0\server\bin;C:\WINDOWS\system32;C:\WINDOWS;C:\WINDOWS\System32\Wbem;C:\WINDOWS\System32\WindowsPowerShell\v1.0\;C:\WINDOWS\System32\OpenSSH\;C:\Program Files\Java\jdk1.8.0_251\bin;C:\Program Files\Git\cmd;C:\flutter\bin;C:\Users\Lenovo\AppData\Local\Android\Sdk\platform-tools;C:\Program Files\Intel\WiFi\bin\;C:\Program Files\Common Files\Intel\WirelessCommon\;C:\Program Files\nodejs\;C:\Program Files\MySQL\MySQL Shell 8.0\bin\;C:\Users\Lenovo\AppData\Local\Microsoft\WindowsApps;C:\Users\Lenovo\AppData\Local\Programs\Microsoft VS Code\bin;C:\Users\Lenovo\AppData\Local\GitHubDesktop\bin;C:\Users\Lenovo\AppData\Local\Android\Sdk\platform-tools;C:\Program Files\Java\jdk-16.0.1\bin;C:\Users\Lenovo\AppData\Roaming\npm;C:\Program Files\nodejs;C:\src\flutter\bin;;D:\sts-4.22.0.RELEASE;
USERNAME=Lenovo
OS=Windows_NT
PROCESSOR_IDENTIFIER=Intel64 Family 6 Model 69 Stepping 1, GenuineIntel
TMP=C:\Users\Lenovo\AppData\Local\Temp
TEMP=C:\Users\Lenovo\AppData\Local\Temp



Periodic native trim disabled


---------------  S Y S T E M  ---------------

OS:
 Windows 10 , 64 bit Build 19041 (10.0.19041.4717)
OS uptime: 11 days 12:18 hours

CPU: total 4 (initial active 4) (2 cores per cpu, 2 threads per core) family 6 model 69 stepping 1 microcode 0x26, cx8, cmov, fxsr, ht, mmx, sse, sse2, sse3, ssse3, sse4.1, sse4.2, popcnt, lzcnt, tsc, tscinvbit, avx, avx2, aes, erms, clmul, bmi1, bmi2, fma, vzeroupper, clflush
Processor Information for all 4 processors :
  Max Mhz: 2494, Current Mhz: 1895, Mhz Limit: 1895

Memory: 4k page, system-wide physical 8075M (1630M free)
TotalPageFile size 9716M (AvailPageFile size 1621M)
current process WorkingSet (physical memory assigned to process): 255M, peak: 264M
current process commit charge ("private bytes"): 275M, peak: 288M

vm_info: OpenJDK 64-Bit Server VM (17.0.10+7) for windows-amd64 JRE (17.0.10+7), built on Jan 16 2024 23:25:11 by "admin" with MS VC++ 16.10 / 16.11 (VS2019)

END.
